16:31:07 **** Build of configuration Debug for project F446_B3M_test ****
make -j8 all 
arm-none-eabi-gcc "../Drivers/STM32F4xx_HAL_Driver/Src/stm32f4xx_hal.c" -mcpu=cortex-m4 -std=gnu11 -g3 -DDEBUG -DUSE_HAL_DRIVER -DSTM32F446xx -c -I../Core/Inc -I../Drivers/STM32F4xx_HAL_Driver/Inc -I../Drivers/STM32F4xx_HAL_Driver/Inc/Legacy -I../Drivers/CMSIS/Device/ST/STM32F4xx/Include -I../Drivers/CMSIS/Include -O0 -ffunction-sections -fdata-sections -Wall -fstack-usage -MMD -MP -MF"Drivers/STM32F4xx_HAL_Driver/Src/stm32f4xx_hal.d" -MT"Drivers/STM32F4xx_HAL_Driver/Src/stm32f4xx_hal.o" --specs=nano.specs -mfpu=fpv4-sp-d16 -mfloat-abi=hard -mthumb -o "Drivers/STM32F4xx_HAL_Driver/Src/stm32f4xx_hal.o"
arm-none-eabi-gcc "../Drivers/STM32F4xx_HAL_Driver/Src/stm32f4xx_hal_cortex.c" -mcpu=cortex-m4 -std=gnu11 -g3 -DDEBUG -DUSE_HAL_DRIVER -DSTM32F446xx -c -I../Core/Inc -I../Drivers/STM32F4xx_HAL_Driver/Inc -I../Drivers/STM32F4xx_HAL_Driver/Inc/Legacy -I../Drivers/CMSIS/Device/ST/STM32F4xx/Include -I../Drivers/CMSIS/Include -O0 -ffunction-sections -fdata-sections -Wall -fstack-usage -MMD -MP -MF"Drivers/STM32F4xx_HAL_Driver/Src/stm32f4xx_hal_cortex.d" -MT"Drivers/STM32F4xx_HAL_Driver/Src/stm32f4xx_hal_cortex.o" --specs=nano.specs -mfpu=fpv4-sp-d16 -mfloat-abi=hard -mthumb -o "Drivers/STM32F4xx_HAL_Driver/Src/stm32f4xx_hal_cortex.o"
arm-none-eabi-gcc "../Drivers/STM32F4xx_HAL_Driver/Src/stm32f4xx_hal_dma.c" -mcpu=cortex-m4 -std=gnu11 -g3 -DDEBUG -DUSE_HAL_DRIVER -DSTM32F446xx -c -I../Core/Inc -I../Drivers/STM32F4xx_HAL_Driver/Inc -I../Drivers/STM32F4xx_HAL_Driver/Inc/Legacy -I../Drivers/CMSIS/Device/ST/STM32F4xx/Include -I../Drivers/CMSIS/Include -O0 -ffunction-sections -fdata-sections -Wall -fstack-usage -MMD -MP -MF"Drivers/STM32F4xx_HAL_Driver/Src/stm32f4xx_hal_dma.d" -MT"Drivers/STM32F4xx_HAL_Driver/Src/stm32f4xx_hal_dma.o" --specs=nano.specs -mfpu=fpv4-sp-d16 -mfloat-abi=hard -mthumb -o "Drivers/STM32F4xx_HAL_Driver/Src/stm32f4xx_hal_dma.o"
arm-none-eabi-gcc "../Drivers/STM32F4xx_HAL_Driver/Src/stm32f4xx_hal_dma_ex.c" -mcpu=cortex-m4 -std=gnu11 -g3 -DDEBUG -DUSE_HAL_DRIVER -DSTM32F446xx -c -I../Core/Inc -I../Drivers/STM32F4xx_HAL_Driver/Inc -I../Drivers/STM32F4xx_HAL_Driver/Inc/Legacy -I../Drivers/CMSIS/Device/ST/STM32F4xx/Include -I../Drivers/CMSIS/Include -O0 -ffunction-sections -fdata-sections -Wall -fstack-usage -MMD -MP -MF"Drivers/STM32F4xx_HAL_Driver/Src/stm32f4xx_hal_dma_ex.d" -MT"Drivers/STM32F4xx_HAL_Driver/Src/stm32f4xx_hal_dma_ex.o" --specs=nano.specs -mfpu=fpv4-sp-d16 -mfloat-abi=hard -mthumb -o "Drivers/STM32F4xx_HAL_Driver/Src/stm32f4xx_hal_dma_ex.o"
arm-none-eabi-gcc "../Drivers/STM32F4xx_HAL_Driver/Src/stm32f4xx_hal_exti.c" -mcpu=cortex-m4 -std=gnu11 -g3 -DDEBUG -DUSE_HAL_DRIVER -DSTM32F446xx -c -I../Core/Inc -I../Drivers/STM32F4xx_HAL_Driver/Inc -I../Drivers/STM32F4xx_HAL_Driver/Inc/Legacy -I../Drivers/CMSIS/Device/ST/STM32F4xx/Include -I../Drivers/CMSIS/Include -O0 -ffunction-sections -fdata-sections -Wall -fstack-usage -MMD -MP -MF"Drivers/STM32F4xx_HAL_Driver/Src/stm32f4xx_hal_exti.d" -MT"Drivers/STM32F4xx_HAL_Driver/Src/stm32f4xx_hal_exti.o" --specs=nano.specs -mfpu=fpv4-sp-d16 -mfloat-abi=hard -mthumb -o "Drivers/STM32F4xx_HAL_Driver/Src/stm32f4xx_hal_exti.o"
arm-none-eabi-gcc "../Drivers/STM32F4xx_HAL_Driver/Src/stm32f4xx_hal_flash.c" -mcpu=cortex-m4 -std=gnu11 -g3 -DDEBUG -DUSE_HAL_DRIVER -DSTM32F446xx -c -I../Core/Inc -I../Drivers/STM32F4xx_HAL_Driver/Inc -I../Drivers/STM32F4xx_HAL_Driver/Inc/Legacy -I../Drivers/CMSIS/Device/ST/STM32F4xx/Include -I../Drivers/CMSIS/Include -O0 -ffunction-sections -fdata-sections -Wall -fstack-usage -MMD -MP -MF"Drivers/STM32F4xx_HAL_Driver/Src/stm32f4xx_hal_flash.d" -MT"Drivers/STM32F4xx_HAL_Driver/Src/stm32f4xx_hal_flash.o" --specs=nano.specs -mfpu=fpv4-sp-d16 -mfloat-abi=hard -mthumb -o "Drivers/STM32F4xx_HAL_Driver/Src/stm32f4xx_hal_flash.o"
arm-none-eabi-gcc "../Drivers/STM32F4xx_HAL_Driver/Src/stm32f4xx_hal_flash_ex.c" -mcpu=cortex-m4 -std=gnu11 -g3 -DDEBUG -DUSE_HAL_DRIVER -DSTM32F446xx -c -I../Core/Inc -I../Drivers/STM32F4xx_HAL_Driver/Inc -I../Drivers/STM32F4xx_HAL_Driver/Inc/Legacy -I../Drivers/CMSIS/Device/ST/STM32F4xx/Include -I../Drivers/CMSIS/Include -O0 -ffunction-sections -fdata-sections -Wall -fstack-usage -MMD -MP -MF"Drivers/STM32F4xx_HAL_Driver/Src/stm32f4xx_hal_flash_ex.d" -MT"Drivers/STM32F4xx_HAL_Driver/Src/stm32f4xx_hal_flash_ex.o" --specs=nano.specs -mfpu=fpv4-sp-d16 -mfloat-abi=hard -mthumb -o "Drivers/STM32F4xx_HAL_Driver/Src/stm32f4xx_hal_flash_ex.o"
arm-none-eabi-gcc "../Drivers/STM32F4xx_HAL_Driver/Src/stm32f4xx_hal_flash_ramfunc.c" -mcpu=cortex-m4 -std=gnu11 -g3 -DDEBUG -DUSE_HAL_DRIVER -DSTM32F446xx -c -I../Core/Inc -I../Drivers/STM32F4xx_HAL_Driver/Inc -I../Drivers/STM32F4xx_HAL_Driver/Inc/Legacy -I../Drivers/CMSIS/Device/ST/STM32F4xx/Include -I../Drivers/CMSIS/Include -O0 -ffunction-sections -fdata-sections -Wall -fstack-usage -MMD -MP -MF"Drivers/STM32F4xx_HAL_Driver/Src/stm32f4xx_hal_flash_ramfunc.d" -MT"Drivers/STM32F4xx_HAL_Driver/Src/stm32f4xx_hal_flash_ramfunc.o" --specs=nano.specs -mfpu=fpv4-sp-d16 -mfloat-abi=hard -mthumb -o "Drivers/STM32F4xx_HAL_Driver/Src/stm32f4xx_hal_flash_ramfunc.o"
arm-none-eabi-gcc "../Drivers/STM32F4xx_HAL_Driver/Src/stm32f4xx_hal_gpio.c" -mcpu=cortex-m4 -std=gnu11 -g3 -DDEBUG -DUSE_HAL_DRIVER -DSTM32F446xx -c -I../Core/Inc -I../Drivers/STM32F4xx_HAL_Driver/Inc -I../Drivers/STM32F4xx_HAL_Driver/Inc/Legacy -I../Drivers/CMSIS/Device/ST/STM32F4xx/Include -I../Drivers/CMSIS/Include -O0 -ffunction-sections -fdata-sections -Wall -fstack-usage -MMD -MP -MF"Drivers/STM32F4xx_HAL_Driver/Src/stm32f4xx_hal_gpio.d" -MT"Drivers/STM32F4xx_HAL_Driver/Src/stm32f4xx_hal_gpio.o" --specs=nano.specs -mfpu=fpv4-sp-d16 -mfloat-abi=hard -mthumb -o "Drivers/STM32F4xx_HAL_Driver/Src/stm32f4xx_hal_gpio.o"
arm-none-eabi-gcc "../Drivers/STM32F4xx_HAL_Driver/Src/stm32f4xx_hal_pwr.c" -mcpu=cortex-m4 -std=gnu11 -g3 -DDEBUG -DUSE_HAL_DRIVER -DSTM32F446xx -c -I../Core/Inc -I../Drivers/STM32F4xx_HAL_Driver/Inc -I../Drivers/STM32F4xx_HAL_Driver/Inc/Legacy -I../Drivers/CMSIS/Device/ST/STM32F4xx/Include -I../Drivers/CMSIS/Include -O0 -ffunction-sections -fdata-sections -Wall -fstack-usage -MMD -MP -MF"Drivers/STM32F4xx_HAL_Driver/Src/stm32f4xx_hal_pwr.d" -MT"Drivers/STM32F4xx_HAL_Driver/Src/stm32f4xx_hal_pwr.o" --specs=nano.specs -mfpu=fpv4-sp-d16 -mfloat-abi=hard -mthumb -o "Drivers/STM32F4xx_HAL_Driver/Src/stm32f4xx_hal_pwr.o"
arm-none-eabi-gcc "../Drivers/STM32F4xx_HAL_Driver/Src/stm32f4xx_hal_pwr_ex.c" -mcpu=cortex-m4 -std=gnu11 -g3 -DDEBUG -DUSE_HAL_DRIVER -DSTM32F446xx -c -I../Core/Inc -I../Drivers/STM32F4xx_HAL_Driver/Inc -I../Drivers/STM32F4xx_HAL_Driver/Inc/Legacy -I../Drivers/CMSIS/Device/ST/STM32F4xx/Include -I../Drivers/CMSIS/Include -O0 -ffunction-sections -fdata-sections -Wall -fstack-usage -MMD -MP -MF"Drivers/STM32F4xx_HAL_Driver/Src/stm32f4xx_hal_pwr_ex.d" -MT"Drivers/STM32F4xx_HAL_Driver/Src/stm32f4xx_hal_pwr_ex.o" --specs=nano.specs -mfpu=fpv4-sp-d16 -mfloat-abi=hard -mthumb -o "Drivers/STM32F4xx_HAL_Driver/Src/stm32f4xx_hal_pwr_ex.o"
arm-none-eabi-gcc "../Drivers/STM32F4xx_HAL_Driver/Src/stm32f4xx_hal_rcc.c" -mcpu=cortex-m4 -std=gnu11 -g3 -DDEBUG -DUSE_HAL_DRIVER -DSTM32F446xx -c -I../Core/Inc -I../Drivers/STM32F4xx_HAL_Driver/Inc -I../Drivers/STM32F4xx_HAL_Driver/Inc/Legacy -I../Drivers/CMSIS/Device/ST/STM32F4xx/Include -I../Drivers/CMSIS/Include -O0 -ffunction-sections -fdata-sections -Wall -fstack-usage -MMD -MP -MF"Drivers/STM32F4xx_HAL_Driver/Src/stm32f4xx_hal_rcc.d" -MT"Drivers/STM32F4xx_HAL_Driver/Src/stm32f4xx_hal_rcc.o" --specs=nano.specs -mfpu=fpv4-sp-d16 -mfloat-abi=hard -mthumb -o "Drivers/STM32F4xx_HAL_Driver/Src/stm32f4xx_hal_rcc.o"
arm-none-eabi-gcc "../Drivers/STM32F4xx_HAL_Driver/Src/stm32f4xx_hal_rcc_ex.c" -mcpu=cortex-m4 -std=gnu11 -g3 -DDEBUG -DUSE_HAL_DRIVER -DSTM32F446xx -c -I../Core/Inc -I../Drivers/STM32F4xx_HAL_Driver/Inc -I../Drivers/STM32F4xx_HAL_Driver/Inc/Legacy -I../Drivers/CMSIS/Device/ST/STM32F4xx/Include -I../Drivers/CMSIS/Include -O0 -ffunction-sections -fdata-sections -Wall -fstack-usage -MMD -MP -MF"Drivers/STM32F4xx_HAL_Driver/Src/stm32f4xx_hal_rcc_ex.d" -MT"Drivers/STM32F4xx_HAL_Driver/Src/stm32f4xx_hal_rcc_ex.o" --specs=nano.specs -mfpu=fpv4-sp-d16 -mfloat-abi=hard -mthumb -o "Drivers/STM32F4xx_HAL_Driver/Src/stm32f4xx_hal_rcc_ex.o"
arm-none-eabi-gcc "../Drivers/STM32F4xx_HAL_Driver/Src/stm32f4xx_hal_tim.c" -mcpu=cortex-m4 -std=gnu11 -g3 -DDEBUG -DUSE_HAL_DRIVER -DSTM32F446xx -c -I../Core/Inc -I../Drivers/STM32F4xx_HAL_Driver/Inc -I../Drivers/STM32F4xx_HAL_Driver/Inc/Legacy -I../Drivers/CMSIS/Device/ST/STM32F4xx/Include -I../Drivers/CMSIS/Include -O0 -ffunction-sections -fdata-sections -Wall -fstack-usage -MMD -MP -MF"Drivers/STM32F4xx_HAL_Driver/Src/stm32f4xx_hal_tim.d" -MT"Drivers/STM32F4xx_HAL_Driver/Src/stm32f4xx_hal_tim.o" --specs=nano.specs -mfpu=fpv4-sp-d16 -mfloat-abi=hard -mthumb -o "Drivers/STM32F4xx_HAL_Driver/Src/stm32f4xx_hal_tim.o"
arm-none-eabi-gcc "../Drivers/STM32F4xx_HAL_Driver/Src/stm32f4xx_hal_tim_ex.c" -mcpu=cortex-m4 -std=gnu11 -g3 -DDEBUG -DUSE_HAL_DRIVER -DSTM32F446xx -c -I../Core/Inc -I../Drivers/STM32F4xx_HAL_Driver/Inc -I../Drivers/STM32F4xx_HAL_Driver/Inc/Legacy -I../Drivers/CMSIS/Device/ST/STM32F4xx/Include -I../Drivers/CMSIS/Include -O0 -ffunction-sections -fdata-sections -Wall -fstack-usage -MMD -MP -MF"Drivers/STM32F4xx_HAL_Driver/Src/stm32f4xx_hal_tim_ex.d" -MT"Drivers/STM32F4xx_HAL_Driver/Src/stm32f4xx_hal_tim_ex.o" --specs=nano.specs -mfpu=fpv4-sp-d16 -mfloat-abi=hard -mthumb -o "Drivers/STM32F4xx_HAL_Driver/Src/stm32f4xx_hal_tim_ex.o"
arm-none-eabi-gcc "../Drivers/STM32F4xx_HAL_Driver/Src/stm32f4xx_hal_uart.c" -mcpu=cortex-m4 -std=gnu11 -g3 -DDEBUG -DUSE_HAL_DRIVER -DSTM32F446xx -c -I../Core/Inc -I../Drivers/STM32F4xx_HAL_Driver/Inc -I../Drivers/STM32F4xx_HAL_Driver/Inc/Legacy -I../Drivers/CMSIS/Device/ST/STM32F4xx/Include -I../Drivers/CMSIS/Include -O0 -ffunction-sections -fdata-sections -Wall -fstack-usage -MMD -MP -MF"Drivers/STM32F4xx_HAL_Driver/Src/stm32f4xx_hal_uart.d" -MT"Drivers/STM32F4xx_HAL_Driver/Src/stm32f4xx_hal_uart.o" --specs=nano.specs -mfpu=fpv4-sp-d16 -mfloat-abi=hard -mthumb -o "Drivers/STM32F4xx_HAL_Driver/Src/stm32f4xx_hal_uart.o"
arm-none-eabi-gcc -mcpu=cortex-m4 -g3 -DDEBUG -c -x assembler-with-cpp -MMD -MP -MF"Core/Startup/startup_stm32f446retx.d" -MT"Core/Startup/startup_stm32f446retx.o" --specs=nano.specs -mfpu=fpv4-sp-d16 -mfloat-abi=hard -mthumb -o "Core/Startup/startup_stm32f446retx.o" "../Core/Startup/startup_stm32f446retx.s"
arm-none-eabi-gcc "../Core/Src/main.c" -mcpu=cortex-m4 -std=gnu11 -g3 -DDEBUG -DUSE_HAL_DRIVER -DSTM32F446xx -c -I../Core/Inc -I../Drivers/STM32F4xx_HAL_Driver/Inc -I../Drivers/STM32F4xx_HAL_Driver/Inc/Legacy -I../Drivers/CMSIS/Device/ST/STM32F4xx/Include -I../Drivers/CMSIS/Include -O0 -ffunction-sections -fdata-sections -Wall -fstack-usage -MMD -MP -MF"Core/Src/main.d" -MT"Core/Src/main.o" --specs=nano.specs -mfpu=fpv4-sp-d16 -mfloat-abi=hard -mthumb -o "Core/Src/main.o"
arm-none-eabi-gcc "../Core/Src/stm32f4xx_hal_msp.c" -mcpu=cortex-m4 -std=gnu11 -g3 -DDEBUG -DUSE_HAL_DRIVER -DSTM32F446xx -c -I../Core/Inc -I../Drivers/STM32F4xx_HAL_Driver/Inc -I../Drivers/STM32F4xx_HAL_Driver/Inc/Legacy -I../Drivers/CMSIS/Device/ST/STM32F4xx/Include -I../Drivers/CMSIS/Include -O0 -ffunction-sections -fdata-sections -Wall -fstack-usage -MMD -MP -MF"Core/Src/stm32f4xx_hal_msp.d" -MT"Core/Src/stm32f4xx_hal_msp.o" --specs=nano.specs -mfpu=fpv4-sp-d16 -mfloat-abi=hard -mthumb -o "Core/Src/stm32f4xx_hal_msp.o"
arm-none-eabi-gcc "../Core/Src/stm32f4xx_it.c" -mcpu=cortex-m4 -std=gnu11 -g3 -DDEBUG -DUSE_HAL_DRIVER -DSTM32F446xx -c -I../Core/Inc -I../Drivers/STM32F4xx_HAL_Driver/Inc -I../Drivers/STM32F4xx_HAL_Driver/Inc/Legacy -I../Drivers/CMSIS/Device/ST/STM32F4xx/Include -I../Drivers/CMSIS/Include -O0 -ffunction-sections -fdata-sections -Wall -fstack-usage -MMD -MP -MF"Core/Src/stm32f4xx_it.d" -MT"Core/Src/stm32f4xx_it.o" --specs=nano.specs -mfpu=fpv4-sp-d16 -mfloat-abi=hard -mthumb -o "Core/Src/stm32f4xx_it.o"
arm-none-eabi-gcc "../Core/Src/syscalls.c" -mcpu=cortex-m4 -std=gnu11 -g3 -DDEBUG -DUSE_HAL_DRIVER -DSTM32F446xx -c -I../Core/Inc -I../Drivers/STM32F4xx_HAL_Driver/Inc -I../Drivers/STM32F4xx_HAL_Driver/Inc/Legacy -I../Drivers/CMSIS/Device/ST/STM32F4xx/Include -I../Drivers/CMSIS/Include -O0 -ffunction-sections -fdata-sections -Wall -fstack-usage -MMD -MP -MF"Core/Src/syscalls.d" -MT"Core/Src/syscalls.o" --specs=nano.specs -mfpu=fpv4-sp-d16 -mfloat-abi=hard -mthumb -o "Core/Src/syscalls.o"
arm-none-eabi-gcc "../Core/Src/sysmem.c" -mcpu=cortex-m4 -std=gnu11 -g3 -DDEBUG -DUSE_HAL_DRIVER -DSTM32F446xx -c -I../Core/Inc -I../Drivers/STM32F4xx_HAL_Driver/Inc -I../Drivers/STM32F4xx_HAL_Driver/Inc/Legacy -I../Drivers/CMSIS/Device/ST/STM32F4xx/Include -I../Drivers/CMSIS/Include -O0 -ffunction-sections -fdata-sections -Wall -fstack-usage -MMD -MP -MF"Core/Src/sysmem.d" -MT"Core/Src/sysmem.o" --specs=nano.specs -mfpu=fpv4-sp-d16 -mfloat-abi=hard -mthumb -o "Core/Src/sysmem.o"
arm-none-eabi-gcc "../Core/Src/system_stm32f4xx.c" -mcpu=cortex-m4 -std=gnu11 -g3 -DDEBUG -DUSE_HAL_DRIVER -DSTM32F446xx -c -I../Core/Inc -I../Drivers/STM32F4xx_HAL_Driver/Inc -I../Drivers/STM32F4xx_HAL_Driver/Inc/Legacy -I../Drivers/CMSIS/Device/ST/STM32F4xx/Include -I../Drivers/CMSIS/Include -O0 -ffunction-sections -fdata-sections -Wall -fstack-usage -MMD -MP -MF"Core/Src/system_stm32f4xx.d" -MT"Core/Src/system_stm32f4xx.o" --specs=nano.specs -mfpu=fpv4-sp-d16 -mfloat-abi=hard -mthumb -o "Core/Src/system_stm32f4xx.o"
../Core/Src/main.c: In function 'write':
../Core/Src/main.c:134:26: error: 'huart6' undeclared (first use in this function); did you mean 'huart3'?
  134 |       HAL_UART_Transmit(&huart6, txdata, 8, 0xFFFF);
      |                          ^~~~~~
      |                          huart3
../Core/Src/main.c:134:26: note: each undeclared identifier is reported only once for each function it appears in
../Core/Src/main.c: In function 'speed':
../Core/Src/main.c:158:27: error: 'huart6' undeclared (first use in this function); did you mean 'huart3'?
  158 |        HAL_UART_Transmit(&huart6, txdata, 9, 0xFFFF);
      |                           ^~~~~~
      |                           huart3
../Core/Src/main.c: In function 'gain':
../Core/Src/main.c:176:27: error: 'huart6' undeclared (first use in this function); did you mean 'huart3'?
  176 |        HAL_UART_Transmit(&huart6, txdata, 8, 0xFFFF);
      |                           ^~~~~~
      |                           huart3
../Core/Src/main.c: In function 'main':
../Core/Src/main.c:100:9: warning: unused variable 'x' [-Wunused-variable]
  100 |   short x;
      |         ^
../Core/Src/main.c:99:8: warning: unused variable 'txbuf' [-Wunused-variable]
   99 |   char txbuf[] ="\n\r hello world";
      |        ^~~~~
../Core/Src/main.c:98:11: warning: unused variable 'rxdata' [-Wunused-variable]
   98 |   uint8_t rxdata[9] = {0};
      |           ^~~~~~
../Core/Src/main.c:97:11: warning: unused variable 'txdata2' [-Wunused-variable]
   97 |   uint8_t txdata2[7] = {0};
      |           ^~~~~~~
At top level:
../Core/Src/main.c:163:9: warning: 'gain' defined but not used [-Wunused-function]
  163 |    void gain(unsigned char id,unsigned char gain)
      |         ^~~~
../Core/Src/main.c:102:8: warning: 'pos' defined but not used [-Wunused-function]
  102 |   void pos(unsigned char id,short deg,unsigned short time)
      |        ^~~
make: *** [Core/Src/subdir.mk:34: Core/Src/main.o] Error 1
make: *** Waiting for unfinished jobs....
"make -j8 all" terminated with exit code 2. Build might be incomplete.
16:34:42 **** Incremental Build of configuration Debug for project F446_B3M_test ****
make -j8 all 
arm-none-eabi-gcc "../Core/Src/main.c" -mcpu=cortex-m4 -std=gnu11 -g3 -DDEBUG -DUSE_HAL_DRIVER -DSTM32F446xx -c -I../Core/Inc -I../Drivers/STM32F4xx_HAL_Driver/Inc -I../Drivers/STM32F4xx_HAL_Driver/Inc/Legacy -I../Drivers/CMSIS/Device/ST/STM32F4xx/Include -I../Drivers/CMSIS/Include -O0 -ffunction-sections -fdata-sections -Wall -fstack-usage -MMD -MP -MF"Core/Src/main.d" -MT"Core/Src/main.o" --specs=nano.specs -mfpu=fpv4-sp-d16 -mfloat-abi=hard -mthumb -o "Core/Src/main.o"
../Core/Src/main.c: In function 'main':
../Core/Src/main.c:100:9: warning: unused variable 'x' [-Wunused-variable]
  100 |   short x;
      |         ^
../Core/Src/main.c:99:8: warning: unused variable 'txbuf' [-Wunused-variable]
   99 |   char txbuf[] ="\n\r hello world";
      |        ^~~~~
../Core/Src/main.c:98:11: warning: unused variable 'rxdata' [-Wunused-variable]
   98 |   uint8_t rxdata[9] = {0};
      |           ^~~~~~
../Core/Src/main.c:97:11: warning: unused variable 'txdata2' [-Wunused-variable]
   97 |   uint8_t txdata2[7] = {0};
      |           ^~~~~~~
At top level:
../Core/Src/main.c:163:9: warning: 'gain' defined but not used [-Wunused-function]
  163 |    void gain(unsigned char id,unsigned char gain)
      |         ^~~~
../Core/Src/main.c:102:8: warning: 'pos' defined but not used [-Wunused-function]
  102 |   void pos(unsigned char id,short deg,unsigned short time)
      |        ^~~
arm-none-eabi-gcc -o "F446_B3M_test.elf" @"objects.list"   -mcpu=cortex-m4 -T"C:\Users\syuug\STM32CubeIDE\workspace_1.7.0\F446_B3M_test\STM32F446RETX_FLASH.ld" --specs=nosys.specs -Wl,-Map="F446_B3M_test.map" -Wl,--gc-sections -static --specs=nano.specs -mfpu=fpv4-sp-d16 -mfloat-abi=hard -mthumb -Wl,--start-group -lc -lm -Wl,--end-group
Finished building target: F446_B3M_test.elf
 
arm-none-eabi-size   F446_B3M_test.elf 
arm-none-eabi-objdump -h -S  F446_B3M_test.elf  > "F446_B3M_test.list"
arm-none-eabi-objcopy  -O binary  F446_B3M_test.elf  "F446_B3M_test.bin"
   text	   data	    bss	    dec	    hex	filename
   8952	     20	   1708	  10680	   29b8	F446_B3M_test.elf
Finished building: default.size.stdout
 
Finished building: F446_B3M_test.list
 
Finished building: F446_B3M_test.bin
 
16:37:32 **** Incremental Build of configuration Debug for project F446_B3M_test ****
make -j8 all 
arm-none-eabi-size   F446_B3M_test.elf 
   text	   data	    bss	    dec	    hex	filename
   8952	     20	   1708	  10680	   29b8	F446_B3M_test.elf
Finished building: default.size.stdout
 
16:52:16 **** Incremental Build of configuration Debug for project F446_B3M_test ****
make -j8 all 
arm-none-eabi-gcc "../Core/Src/main.c" -mcpu=cortex-m4 -std=gnu11 -g3 -DDEBUG -DUSE_HAL_DRIVER -DSTM32F446xx -c -I../Core/Inc -I../Drivers/STM32F4xx_HAL_Driver/Inc -I../Drivers/STM32F4xx_HAL_Driver/Inc/Legacy -I../Drivers/CMSIS/Device/ST/STM32F4xx/Include -I../Drivers/CMSIS/Include -O0 -ffunction-sections -fdata-sections -Wall -fstack-usage -MMD -MP -MF"Core/Src/main.d" -MT"Core/Src/main.o" --specs=nano.specs -mfpu=fpv4-sp-d16 -mfloat-abi=hard -mthumb -o "Core/Src/main.o"
../Core/Src/main.c: In function 'main':
../Core/Src/main.c:100:9: warning: unused variable 'x' [-Wunused-variable]
  100 |   short x;
      |         ^
../Core/Src/main.c:99:8: warning: unused variable 'txbuf' [-Wunused-variable]
   99 |   char txbuf[] ="\n\r hello world";
      |        ^~~~~
../Core/Src/main.c:98:11: warning: unused variable 'rxdata' [-Wunused-variable]
   98 |   uint8_t rxdata[9] = {0};
      |           ^~~~~~
../Core/Src/main.c:97:11: warning: unused variable 'txdata2' [-Wunused-variable]
   97 |   uint8_t txdata2[7] = {0};
      |           ^~~~~~~
At top level:
../Core/Src/main.c:167:9: warning: 'gain' defined but not used [-Wunused-function]
  167 |    void gain(unsigned char id,unsigned char gain)
      |         ^~~~
../Core/Src/main.c:102:8: warning: 'pos' defined but not used [-Wunused-function]
  102 |   void pos(unsigned char id,short deg,unsigned short time)
      |        ^~~
arm-none-eabi-gcc -o "F446_B3M_test.elf" @"objects.list"   -mcpu=cortex-m4 -T"C:\Users\syuug\STM32CubeIDE\workspace_1.7.0\F446_B3M_test\STM32F446RETX_FLASH.ld" --specs=nosys.specs -Wl,-Map="F446_B3M_test.map" -Wl,--gc-sections -static --specs=nano.specs -mfpu=fpv4-sp-d16 -mfloat-abi=hard -mthumb -Wl,--start-group -lc -lm -Wl,--end-group
Finished building target: F446_B3M_test.elf
 
arm-none-eabi-size   F446_B3M_test.elf 
arm-none-eabi-objdump -h -S  F446_B3M_test.elf  > "F446_B3M_test.list"
arm-none-eabi-objcopy  -O binary  F446_B3M_test.elf  "F446_B3M_test.bin"
   text	   data	    bss	    dec	    hex	filename
   9000	     20	   1708	  10728	   29e8	F446_B3M_test.elf
Finished building: default.size.stdout
 
Finished building: F446_B3M_test.bin
 
Finished building: F446_B3M_test.list
 
16:52:28 **** Incremental Build of configuration Debug for project F446_B3M_test ****
make -j8 all 
arm-none-eabi-size   F446_B3M_test.elf 
   text	   data	    bss	    dec	    hex	filename
   9000	     20	   1708	  10728	   29e8	F446_B3M_test.elf
Finished building: default.size.stdout
 
16:56:39 **** Incremental Build of configuration Debug for project F446_B3M_test ****
make -j8 all 
arm-none-eabi-gcc "../Core/Src/main.c" -mcpu=cortex-m4 -std=gnu11 -g3 -DDEBUG -DUSE_HAL_DRIVER -DSTM32F446xx -c -I../Core/Inc -I../Drivers/STM32F4xx_HAL_Driver/Inc -I../Drivers/STM32F4xx_HAL_Driver/Inc/Legacy -I../Drivers/CMSIS/Device/ST/STM32F4xx/Include -I../Drivers/CMSIS/Include -O0 -ffunction-sections -fdata-sections -Wall -fstack-usage -MMD -MP -MF"Core/Src/main.d" -MT"Core/Src/main.o" --specs=nano.specs -mfpu=fpv4-sp-d16 -mfloat-abi=hard -mthumb -o "Core/Src/main.o"
../Core/Src/main.c: In function 'main':
../Core/Src/main.c:100:9: warning: unused variable 'x' [-Wunused-variable]
  100 |   short x;
      |         ^
../Core/Src/main.c:99:8: warning: unused variable 'txbuf' [-Wunused-variable]
   99 |   char txbuf[] ="\n\r hello world";
      |        ^~~~~
../Core/Src/main.c:98:11: warning: unused variable 'rxdata' [-Wunused-variable]
   98 |   uint8_t rxdata[9] = {0};
      |           ^~~~~~
../Core/Src/main.c:97:11: warning: unused variable 'txdata2' [-Wunused-variable]
   97 |   uint8_t txdata2[7] = {0};
      |           ^~~~~~~
At top level:
../Core/Src/main.c:167:9: warning: 'gain' defined but not used [-Wunused-function]
  167 |    void gain(unsigned char id,unsigned char gain)
      |         ^~~~
../Core/Src/main.c:102:8: warning: 'pos' defined but not used [-Wunused-function]
  102 |   void pos(unsigned char id,short deg,unsigned short time)
      |        ^~~
arm-none-eabi-gcc -o "F446_B3M_test.elf" @"objects.list"   -mcpu=cortex-m4 -T"C:\Users\syuug\STM32CubeIDE\workspace_1.7.0\F446_B3M_test\STM32F446RETX_FLASH.ld" --specs=nosys.specs -Wl,-Map="F446_B3M_test.map" -Wl,--gc-sections -static --specs=nano.specs -mfpu=fpv4-sp-d16 -mfloat-abi=hard -mthumb -Wl,--start-group -lc -lm -Wl,--end-group
Finished building target: F446_B3M_test.elf
 
arm-none-eabi-size   F446_B3M_test.elf 
arm-none-eabi-objdump -h -S  F446_B3M_test.elf  > "F446_B3M_test.list"
arm-none-eabi-objcopy  -O binary  F446_B3M_test.elf  "F446_B3M_test.bin"
   text	   data	    bss	    dec	    hex	filename
   9008	     20	   1708	  10736	   29f0	F446_B3M_test.elf
Finished building: default.size.stdout
 
Finished building: F446_B3M_test.bin
Finished building: F446_B3M_test.list
 
 
17:06:58 **** Incremental Build of configuration Debug for project F446_B3M_test ****
make -j8 all 
arm-none-eabi-gcc "../Core/Src/main.c" -mcpu=cortex-m4 -std=gnu11 -g3 -DDEBUG -DUSE_HAL_DRIVER -DSTM32F446xx -c -I../Core/Inc -I../Drivers/STM32F4xx_HAL_Driver/Inc -I../Drivers/STM32F4xx_HAL_Driver/Inc/Legacy -I../Drivers/CMSIS/Device/ST/STM32F4xx/Include -I../Drivers/CMSIS/Include -O0 -ffunction-sections -fdata-sections -Wall -fstack-usage -MMD -MP -MF"Core/Src/main.d" -MT"Core/Src/main.o" --specs=nano.specs -mfpu=fpv4-sp-d16 -mfloat-abi=hard -mthumb -o "Core/Src/main.o"
../Core/Src/main.c: In function 'main':
../Core/Src/main.c:100:9: warning: unused variable 'x' [-Wunused-variable]
  100 |   short x;
      |         ^
../Core/Src/main.c:99:8: warning: unused variable 'txbuf' [-Wunused-variable]
   99 |   char txbuf[] ="\n\r hello world";
      |        ^~~~~
../Core/Src/main.c:98:11: warning: unused variable 'rxdata' [-Wunused-variable]
   98 |   uint8_t rxdata[9] = {0};
      |           ^~~~~~
../Core/Src/main.c:97:11: warning: unused variable 'txdata2' [-Wunused-variable]
   97 |   uint8_t txdata2[7] = {0};
      |           ^~~~~~~
At top level:
../Core/Src/main.c:167:9: warning: 'gain' defined but not used [-Wunused-function]
  167 |    void gain(unsigned char id,unsigned char gain)
      |         ^~~~
../Core/Src/main.c:142:9: warning: 'speed' defined but not used [-Wunused-function]
  142 |    void speed(unsigned char id,short speed)
      |         ^~~~~
../Core/Src/main.c:122:8: warning: 'write' defined but not used [-Wunused-function]
  122 |   void write(unsigned char id,unsigned char data)
      |        ^~~~~
../Core/Src/main.c:102:8: warning: 'pos' defined but not used [-Wunused-function]
  102 |   void pos(unsigned char id,short deg,unsigned short time)
      |        ^~~
arm-none-eabi-gcc -o "F446_B3M_test.elf" @"objects.list"   -mcpu=cortex-m4 -T"C:\Users\syuug\STM32CubeIDE\workspace_1.7.0\F446_B3M_test\STM32F446RETX_FLASH.ld" --specs=nosys.specs -Wl,-Map="F446_B3M_test.map" -Wl,--gc-sections -static --specs=nano.specs -mfpu=fpv4-sp-d16 -mfloat-abi=hard -mthumb -Wl,--start-group -lc -lm -Wl,--end-group
Finished building target: F446_B3M_test.elf
 
arm-none-eabi-size   F446_B3M_test.elf 
arm-none-eabi-objdump -h -S  F446_B3M_test.elf  > "F446_B3M_test.list"
arm-none-eabi-objcopy  -O binary  F446_B3M_test.elf  "F446_B3M_test.bin"
   text	   data	    bss	    dec	    hex	filename
   8232	     20	   1708	   9960	   26e8	F446_B3M_test.elf
Finished building: default.size.stdout
 
Finished building: F446_B3M_test.list
 
Finished building: F446_B3M_test.bin
 
17:13:39 **** Incremental Build of configuration Debug for project F446_B3M_test ****
make -j8 all 
arm-none-eabi-gcc "../Core/Src/main.c" -mcpu=cortex-m4 -std=gnu11 -g3 -DDEBUG -DUSE_HAL_DRIVER -DSTM32F446xx -c -I../Core/Inc -I../Drivers/STM32F4xx_HAL_Driver/Inc -I../Drivers/STM32F4xx_HAL_Driver/Inc/Legacy -I../Drivers/CMSIS/Device/ST/STM32F4xx/Include -I../Drivers/CMSIS/Include -O0 -ffunction-sections -fdata-sections -Wall -fstack-usage -MMD -MP -MF"Core/Src/main.d" -MT"Core/Src/main.o" --specs=nano.specs -mfpu=fpv4-sp-d16 -mfloat-abi=hard -mthumb -o "Core/Src/main.o"
../Core/Src/main.c: In function 'main':
../Core/Src/main.c:100:9: warning: unused variable 'x' [-Wunused-variable]
  100 |   short x;
      |         ^
../Core/Src/main.c:99:8: warning: unused variable 'txbuf' [-Wunused-variable]
   99 |   char txbuf[] ="\n\r hello world";
      |        ^~~~~
../Core/Src/main.c:98:11: warning: unused variable 'rxdata' [-Wunused-variable]
   98 |   uint8_t rxdata[9] = {0};
      |           ^~~~~~
../Core/Src/main.c:97:11: warning: unused variable 'txdata2' [-Wunused-variable]
   97 |   uint8_t txdata2[7] = {0};
      |           ^~~~~~~
At top level:
../Core/Src/main.c:167:9: warning: 'gain' defined but not used [-Wunused-function]
  167 |    void gain(unsigned char id,unsigned char gain)
      |         ^~~~
../Core/Src/main.c:142:9: warning: 'speed' defined but not used [-Wunused-function]
  142 |    void speed(unsigned char id,short speed)
      |         ^~~~~
../Core/Src/main.c:102:8: warning: 'pos' defined but not used [-Wunused-function]
  102 |   void pos(unsigned char id,short deg,unsigned short time)
      |        ^~~
arm-none-eabi-gcc -o "F446_B3M_test.elf" @"objects.list"   -mcpu=cortex-m4 -T"C:\Users\syuug\STM32CubeIDE\workspace_1.7.0\F446_B3M_test\STM32F446RETX_FLASH.ld" --specs=nosys.specs -Wl,-Map="F446_B3M_test.map" -Wl,--gc-sections -static --specs=nano.specs -mfpu=fpv4-sp-d16 -mfloat-abi=hard -mthumb -Wl,--start-group -lc -lm -Wl,--end-group
Finished building target: F446_B3M_test.elf
 
arm-none-eabi-size   F446_B3M_test.elf 
arm-none-eabi-objdump -h -S  F446_B3M_test.elf  > "F446_B3M_test.list"
arm-none-eabi-objcopy  -O binary  F446_B3M_test.elf  "F446_B3M_test.bin"
   text	   data	    bss	    dec	    hex	filename
   8804	     20	   1708	  10532	   2924	F446_B3M_test.elf
Finished building: default.size.stdout
 
Finished building: F446_B3M_test.bin
 
Finished building: F446_B3M_test.list
 
17:35:07 **** Incremental Build of configuration Debug for project F446_B3M_test ****
make -j8 all 
arm-none-eabi-gcc "../Core/Src/main.c" -mcpu=cortex-m4 -std=gnu11 -g3 -DDEBUG -DUSE_HAL_DRIVER -DSTM32F446xx -c -I../Core/Inc -I../Drivers/STM32F4xx_HAL_Driver/Inc -I../Drivers/STM32F4xx_HAL_Driver/Inc/Legacy -I../Drivers/CMSIS/Device/ST/STM32F4xx/Include -I../Drivers/CMSIS/Include -O0 -ffunction-sections -fdata-sections -Wall -fstack-usage -MMD -MP -MF"Core/Src/main.d" -MT"Core/Src/main.o" --specs=nano.specs -mfpu=fpv4-sp-d16 -mfloat-abi=hard -mthumb -o "Core/Src/main.o"
../Core/Src/main.c: In function 'main':
../Core/Src/main.c:100:24: warning: character constant too long for its type
  100 |   char PC_txdata[256]={'ãªã‚“ã§ã‚‚ã„ã?ã‹ã‚‰ãŠãã£ã¦\0'};
      |                        ^~~~~~~~~~~~~~~~~~~~~~~~~~~~~~~~~~~~~~~~
../Core/Src/main.c:100:24: warning: unsigned conversion from 'int' to 'char' changes value from '-478042624' to '0' [-Woverflow]
../Core/Src/main.c:101:9: warning: unused variable 'pos_data' [-Wunused-variable]
  101 |   short pos_data;
      |         ^~~~~~~~
../Core/Src/main.c:100:8: warning: unused variable 'PC_txdata' [-Wunused-variable]
  100 |   char PC_txdata[256]={'ãªã‚“ã§ã‚‚ã„ã?ã‹ã‚‰ãŠãã£ã¦\0'};
      |        ^~~~~~~~~
../Core/Src/main.c:99:11: warning: unused variable 'aRxBuffer' [-Wunused-variable]
   99 |   uint8_t aRxBuffer[10]={0};
      |           ^~~~~~~~~
At top level:
../Core/Src/main.c:151:10: warning: 'speed' defined but not used [-Wunused-function]
  151 |     void speed(unsigned char id,short speed)
      |          ^~~~~
arm-none-eabi-gcc -o "F446_B3M_test.elf" @"objects.list"   -mcpu=cortex-m4 -T"C:\Users\syuug\STM32CubeIDE\workspace_1.7.0\F446_B3M_test\STM32F446RETX_FLASH.ld" --specs=nosys.specs -Wl,-Map="F446_B3M_test.map" -Wl,--gc-sections -static --specs=nano.specs -mfpu=fpv4-sp-d16 -mfloat-abi=hard -mthumb -Wl,--start-group -lc -lm -Wl,--end-group
Finished building target: F446_B3M_test.elf
 
arm-none-eabi-size   F446_B3M_test.elf 
arm-none-eabi-objdump -h -S  F446_B3M_test.elf  > "F446_B3M_test.list"
arm-none-eabi-objcopy  -O binary  F446_B3M_test.elf  "F446_B3M_test.bin"
   text	   data	    bss	    dec	    hex	filename
   9452	     20	   1708	  11180	   2bac	F446_B3M_test.elf
Finished building: default.size.stdout
 
Finished building: F446_B3M_test.bin
Finished building: F446_B3M_test.list
 
 
17:35:25 **** Incremental Build of configuration Debug for project F446_B3M_test ****
make -j8 all 
arm-none-eabi-size   F446_B3M_test.elf 
   text	   data	    bss	    dec	    hex	filename
   9452	     20	   1708	  11180	   2bac	F446_B3M_test.elf
Finished building: default.size.stdout
 
17:49:17 **** Incremental Build of configuration Debug for project F446_B3M_test ****
make -j8 all 
arm-none-eabi-gcc "../Core/Src/main.c" -mcpu=cortex-m4 -std=gnu11 -g3 -DDEBUG -DUSE_HAL_DRIVER -DSTM32F446xx -c -I../Core/Inc -I../Drivers/STM32F4xx_HAL_Driver/Inc -I../Drivers/STM32F4xx_HAL_Driver/Inc/Legacy -I../Drivers/CMSIS/Device/ST/STM32F4xx/Include -I../Drivers/CMSIS/Include -O0 -ffunction-sections -fdata-sections -Wall -fstack-usage -MMD -MP -MF"Core/Src/main.d" -MT"Core/Src/main.o" --specs=nano.specs -mfpu=fpv4-sp-d16 -mfloat-abi=hard -mthumb -o "Core/Src/main.o"
../Core/Src/main.c: In function 'main':
../Core/Src/main.c:100:24: warning: character constant too long for its type
  100 |   char PC_txdata[256]={'ãªã‚“ã§ã‚‚ã„ã?ã‹ã‚‰ãŠãã£ã¦\0'};
      |                        ^~~~~~~~~~~~~~~~~~~~~~~~~~~~~~~~~~~~~~~~
../Core/Src/main.c:100:24: warning: unsigned conversion from 'int' to 'char' changes value from '-478042624' to '0' [-Woverflow]
../Core/Src/main.c:101:9: warning: unused variable 'pos_data' [-Wunused-variable]
  101 |   short pos_data;
      |         ^~~~~~~~
../Core/Src/main.c:100:8: warning: unused variable 'PC_txdata' [-Wunused-variable]
  100 |   char PC_txdata[256]={'ãªã‚“ã§ã‚‚ã„ã?ã‹ã‚‰ãŠãã£ã¦\0'};
      |        ^~~~~~~~~
../Core/Src/main.c:99:11: warning: unused variable 'aRxBuffer' [-Wunused-variable]
   99 |   uint8_t aRxBuffer[10]={0};
      |           ^~~~~~~~~
../Core/Src/main.c:98:17: warning: unused variable 'rxdata' [-Wunused-variable]
   98 |   unsigned char rxdata[9] = {0};
      |                 ^~~~~~
../Core/Src/main.c:96:8: warning: unused variable 'rxbuf' [-Wunused-variable]
   96 |   char rxbuf[]="waiting\r\n";
      |        ^~~~~
At top level:
../Core/Src/main.c:151:10: warning: 'speed' defined but not used [-Wunused-function]
  151 |     void speed(unsigned char id,short speed)
      |          ^~~~~
arm-none-eabi-gcc -o "F446_B3M_test.elf" @"objects.list"   -mcpu=cortex-m4 -T"C:\Users\syuug\STM32CubeIDE\workspace_1.7.0\F446_B3M_test\STM32F446RETX_FLASH.ld" --specs=nosys.specs -Wl,-Map="F446_B3M_test.map" -Wl,--gc-sections -static --specs=nano.specs -mfpu=fpv4-sp-d16 -mfloat-abi=hard -mthumb -Wl,--start-group -lc -lm -Wl,--end-group
Finished building target: F446_B3M_test.elf
 
arm-none-eabi-size   F446_B3M_test.elf 
arm-none-eabi-objdump -h -S  F446_B3M_test.elf  > "F446_B3M_test.list"
arm-none-eabi-objcopy  -O binary  F446_B3M_test.elf  "F446_B3M_test.bin"
   text	   data	    bss	    dec	    hex	filename
   9044	     20	   1708	  10772	   2a14	F446_B3M_test.elf
Finished building: default.size.stdout
 
Finished building: F446_B3M_test.bin
Finished building: F446_B3M_test.list
 
 
17:53:29 **** Incremental Build of configuration Debug for project F446_B3M_test ****
make -j8 all 
arm-none-eabi-gcc "../Core/Src/main.c" -mcpu=cortex-m4 -std=gnu11 -g3 -DDEBUG -DUSE_HAL_DRIVER -DSTM32F446xx -c -I../Core/Inc -I../Drivers/STM32F4xx_HAL_Driver/Inc -I../Drivers/STM32F4xx_HAL_Driver/Inc/Legacy -I../Drivers/CMSIS/Device/ST/STM32F4xx/Include -I../Drivers/CMSIS/Include -O0 -ffunction-sections -fdata-sections -Wall -fstack-usage -MMD -MP -MF"Core/Src/main.d" -MT"Core/Src/main.o" --specs=nano.specs -mfpu=fpv4-sp-d16 -mfloat-abi=hard -mthumb -o "Core/Src/main.o"
../Core/Src/main.c: In function 'main':
../Core/Src/main.c:100:24: warning: character constant too long for its type
  100 |   char PC_txdata[256]={'ãªã‚“ã§ã‚‚ã„ã?ã‹ã‚‰ãŠãã£ã¦\0'};
      |                        ^~~~~~~~~~~~~~~~~~~~~~~~~~~~~~~~~~~~~~~~
../Core/Src/main.c:100:24: warning: unsigned conversion from 'int' to 'char' changes value from '-478042624' to '0' [-Woverflow]
../Core/Src/main.c:101:9: warning: unused variable 'pos_data' [-Wunused-variable]
  101 |   short pos_data;
      |         ^~~~~~~~
../Core/Src/main.c:100:8: warning: unused variable 'PC_txdata' [-Wunused-variable]
  100 |   char PC_txdata[256]={'ãªã‚“ã§ã‚‚ã„ã?ã‹ã‚‰ãŠãã£ã¦\0'};
      |        ^~~~~~~~~
../Core/Src/main.c:99:11: warning: unused variable 'aRxBuffer' [-Wunused-variable]
   99 |   uint8_t aRxBuffer[10]={0};
      |           ^~~~~~~~~
../Core/Src/main.c:98:17: warning: unused variable 'rxdata' [-Wunused-variable]
   98 |   unsigned char rxdata[9] = {0};
      |                 ^~~~~~
../Core/Src/main.c:96:8: warning: unused variable 'rxbuf' [-Wunused-variable]
   96 |   char rxbuf[]="waiting\r\n";
      |        ^~~~~
At top level:
../Core/Src/main.c:151:10: warning: 'speed' defined but not used [-Wunused-function]
  151 |     void speed(unsigned char id,short speed)
      |          ^~~~~
arm-none-eabi-gcc -o "F446_B3M_test.elf" @"objects.list"   -mcpu=cortex-m4 -T"C:\Users\syuug\STM32CubeIDE\workspace_1.7.0\F446_B3M_test\STM32F446RETX_FLASH.ld" --specs=nosys.specs -Wl,-Map="F446_B3M_test.map" -Wl,--gc-sections -static --specs=nano.specs -mfpu=fpv4-sp-d16 -mfloat-abi=hard -mthumb -Wl,--start-group -lc -lm -Wl,--end-group
Finished building target: F446_B3M_test.elf
 
arm-none-eabi-size   F446_B3M_test.elf 
arm-none-eabi-objdump -h -S  F446_B3M_test.elf  > "F446_B3M_test.list"
arm-none-eabi-objcopy  -O binary  F446_B3M_test.elf  "F446_B3M_test.bin"
   text	   data	    bss	    dec	    hex	filename
   9044	     20	   1708	  10772	   2a14	F446_B3M_test.elf
Finished building: default.size.stdout
 
Finished building: F446_B3M_test.bin
Finished building: F446_B3M_test.list
 
 
18:06:25 **** Incremental Build of configuration Debug for project F446_B3M_test ****
make -j8 all 
arm-none-eabi-gcc "../Core/Src/main.c" -mcpu=cortex-m4 -std=gnu11 -g3 -DDEBUG -DUSE_HAL_DRIVER -DSTM32F446xx -c -I../Core/Inc -I../Drivers/STM32F4xx_HAL_Driver/Inc -I../Drivers/STM32F4xx_HAL_Driver/Inc/Legacy -I../Drivers/CMSIS/Device/ST/STM32F4xx/Include -I../Drivers/CMSIS/Include -O0 -ffunction-sections -fdata-sections -Wall -fstack-usage -MMD -MP -MF"Core/Src/main.d" -MT"Core/Src/main.o" --specs=nano.specs -mfpu=fpv4-sp-d16 -mfloat-abi=hard -mthumb -o "Core/Src/main.o"
../Core/Src/main.c: In function 'main':
../Core/Src/main.c:100:24: warning: character constant too long for its type
  100 |   char PC_txdata[256]={'ãªã‚“ã§ã‚‚ã„ã?ã‹ã‚‰ãŠãã£ã¦\0'};
      |                        ^~~~~~~~~~~~~~~~~~~~~~~~~~~~~~~~~~~~~~~~
../Core/Src/main.c:100:24: warning: unsigned conversion from 'int' to 'char' changes value from '-478042624' to '0' [-Woverflow]
../Core/Src/main.c:101:9: warning: unused variable 'pos_data' [-Wunused-variable]
  101 |   short pos_data;
      |         ^~~~~~~~
../Core/Src/main.c:100:8: warning: unused variable 'PC_txdata' [-Wunused-variable]
  100 |   char PC_txdata[256]={'ãªã‚“ã§ã‚‚ã„ã?ã‹ã‚‰ãŠãã£ã¦\0'};
      |        ^~~~~~~~~
../Core/Src/main.c:99:11: warning: unused variable 'aRxBuffer' [-Wunused-variable]
   99 |   uint8_t aRxBuffer[10]={0};
      |           ^~~~~~~~~
../Core/Src/main.c:98:17: warning: unused variable 'rxdata' [-Wunused-variable]
   98 |   unsigned char rxdata[9] = {0};
      |                 ^~~~~~
../Core/Src/main.c:96:8: warning: unused variable 'rxbuf' [-Wunused-variable]
   96 |   char rxbuf[]="waiting\r\n";
      |        ^~~~~
arm-none-eabi-gcc -o "F446_B3M_test.elf" @"objects.list"   -mcpu=cortex-m4 -T"C:\Users\syuug\STM32CubeIDE\workspace_1.7.0\F446_B3M_test\STM32F446RETX_FLASH.ld" --specs=nosys.specs -Wl,-Map="F446_B3M_test.map" -Wl,--gc-sections -static --specs=nano.specs -mfpu=fpv4-sp-d16 -mfloat-abi=hard -mthumb -Wl,--start-group -lc -lm -Wl,--end-group
Finished building target: F446_B3M_test.elf
 
arm-none-eabi-size   F446_B3M_test.elf 
arm-none-eabi-objdump -h -S  F446_B3M_test.elf  > "F446_B3M_test.list"
arm-none-eabi-objcopy  -O binary  F446_B3M_test.elf  "F446_B3M_test.bin"
Finished building: F446_B3M_test.bin
   text	   data	    bss	    dec	    hex	filename
   9232	     20	   1708	  10960	   2ad0	F446_B3M_test.elf
Finished building: F446_B3M_test.list
Finished building: default.size.stdout
 
 
 
18:07:27 **** Incremental Build of configuration Debug for project F446_B3M_test ****
make -j8 all 
arm-none-eabi-gcc "../Core/Src/main.c" -mcpu=cortex-m4 -std=gnu11 -g3 -DDEBUG -DUSE_HAL_DRIVER -DSTM32F446xx -c -I../Core/Inc -I../Drivers/STM32F4xx_HAL_Driver/Inc -I../Drivers/STM32F4xx_HAL_Driver/Inc/Legacy -I../Drivers/CMSIS/Device/ST/STM32F4xx/Include -I../Drivers/CMSIS/Include -O0 -ffunction-sections -fdata-sections -Wall -fstack-usage -MMD -MP -MF"Core/Src/main.d" -MT"Core/Src/main.o" --specs=nano.specs -mfpu=fpv4-sp-d16 -mfloat-abi=hard -mthumb -o "Core/Src/main.o"
../Core/Src/main.c: In function 'main':
../Core/Src/main.c:100:24: warning: character constant too long for its type
  100 |   char PC_txdata[256]={'ãªã‚“ã§ã‚‚ã„ã?ã‹ã‚‰ãŠãã£ã¦\0'};
      |                        ^~~~~~~~~~~~~~~~~~~~~~~~~~~~~~~~~~~~~~~~
../Core/Src/main.c:100:24: warning: unsigned conversion from 'int' to 'char' changes value from '-478042624' to '0' [-Woverflow]
../Core/Src/main.c:101:9: warning: unused variable 'pos_data' [-Wunused-variable]
  101 |   short pos_data;
      |         ^~~~~~~~
../Core/Src/main.c:100:8: warning: unused variable 'PC_txdata' [-Wunused-variable]
  100 |   char PC_txdata[256]={'ãªã‚“ã§ã‚‚ã„ã?ã‹ã‚‰ãŠãã£ã¦\0'};
      |        ^~~~~~~~~
../Core/Src/main.c:99:11: warning: unused variable 'aRxBuffer' [-Wunused-variable]
   99 |   uint8_t aRxBuffer[10]={0};
      |           ^~~~~~~~~
../Core/Src/main.c:98:17: warning: unused variable 'rxdata' [-Wunused-variable]
   98 |   unsigned char rxdata[9] = {0};
      |                 ^~~~~~
../Core/Src/main.c:96:8: warning: unused variable 'rxbuf' [-Wunused-variable]
   96 |   char rxbuf[]="waiting\r\n";
      |        ^~~~~
arm-none-eabi-gcc -o "F446_B3M_test.elf" @"objects.list"   -mcpu=cortex-m4 -T"C:\Users\syuug\STM32CubeIDE\workspace_1.7.0\F446_B3M_test\STM32F446RETX_FLASH.ld" --specs=nosys.specs -Wl,-Map="F446_B3M_test.map" -Wl,--gc-sections -static --specs=nano.specs -mfpu=fpv4-sp-d16 -mfloat-abi=hard -mthumb -Wl,--start-group -lc -lm -Wl,--end-group
Finished building target: F446_B3M_test.elf
 
arm-none-eabi-size   F446_B3M_test.elf 
arm-none-eabi-objdump -h -S  F446_B3M_test.elf  > "F446_B3M_test.list"
arm-none-eabi-objcopy  -O binary  F446_B3M_test.elf  "F446_B3M_test.bin"
   text	   data	    bss	    dec	    hex	filename
   9232	     20	   1708	  10960	   2ad0	F446_B3M_test.elf
Finished building: default.size.stdout
 
Finished building: F446_B3M_test.bin
Finished building: F446_B3M_test.list
 
 
15:40:38 **** Clean-only build of configuration Debug for project f446_spi_test ****
make -j8 clean 
rm -rf *
 
15:40:39 **** Build of configuration Debug for project f446_spi_test ****
make -j8 all 
arm-none-eabi-gcc "../Drivers/STM32F4xx_HAL_Driver/Src/stm32f4xx_hal.c" -mcpu=cortex-m4 -std=gnu11 -g3 -DDEBUG -DUSE_HAL_DRIVER -DSTM32F446xx -c -I../Drivers/CMSIS/Include -I../Core/Inc -I../Drivers/STM32F4xx_HAL_Driver/Inc -I../Drivers/CMSIS/Device/ST/STM32F4xx/Include -I../Drivers/STM32F4xx_HAL_Driver/Inc/Legacy -O0 -ffunction-sections -fdata-sections -Wall -fstack-usage -MMD -MP -MF"Drivers/STM32F4xx_HAL_Driver/Src/stm32f4xx_hal.d" -MT"Drivers/STM32F4xx_HAL_Driver/Src/stm32f4xx_hal.o" --specs=nano.specs -mfpu=fpv4-sp-d16 -mfloat-abi=hard -mthumb -o "Drivers/STM32F4xx_HAL_Driver/Src/stm32f4xx_hal.o"
arm-none-eabi-gcc "../Drivers/STM32F4xx_HAL_Driver/Src/stm32f4xx_hal_cortex.c" -mcpu=cortex-m4 -std=gnu11 -g3 -DDEBUG -DUSE_HAL_DRIVER -DSTM32F446xx -c -I../Drivers/CMSIS/Include -I../Core/Inc -I../Drivers/STM32F4xx_HAL_Driver/Inc -I../Drivers/CMSIS/Device/ST/STM32F4xx/Include -I../Drivers/STM32F4xx_HAL_Driver/Inc/Legacy -O0 -ffunction-sections -fdata-sections -Wall -fstack-usage -MMD -MP -MF"Drivers/STM32F4xx_HAL_Driver/Src/stm32f4xx_hal_cortex.d" -MT"Drivers/STM32F4xx_HAL_Driver/Src/stm32f4xx_hal_cortex.o" --specs=nano.specs -mfpu=fpv4-sp-d16 -mfloat-abi=hard -mthumb -o "Drivers/STM32F4xx_HAL_Driver/Src/stm32f4xx_hal_cortex.o"
arm-none-eabi-gcc "../Drivers/STM32F4xx_HAL_Driver/Src/stm32f4xx_hal_dma.c" -mcpu=cortex-m4 -std=gnu11 -g3 -DDEBUG -DUSE_HAL_DRIVER -DSTM32F446xx -c -I../Drivers/CMSIS/Include -I../Core/Inc -I../Drivers/STM32F4xx_HAL_Driver/Inc -I../Drivers/CMSIS/Device/ST/STM32F4xx/Include -I../Drivers/STM32F4xx_HAL_Driver/Inc/Legacy -O0 -ffunction-sections -fdata-sections -Wall -fstack-usage -MMD -MP -MF"Drivers/STM32F4xx_HAL_Driver/Src/stm32f4xx_hal_dma.d" -MT"Drivers/STM32F4xx_HAL_Driver/Src/stm32f4xx_hal_dma.o" --specs=nano.specs -mfpu=fpv4-sp-d16 -mfloat-abi=hard -mthumb -o "Drivers/STM32F4xx_HAL_Driver/Src/stm32f4xx_hal_dma.o"
arm-none-eabi-gcc "../Drivers/STM32F4xx_HAL_Driver/Src/stm32f4xx_hal_dma_ex.c" -mcpu=cortex-m4 -std=gnu11 -g3 -DDEBUG -DUSE_HAL_DRIVER -DSTM32F446xx -c -I../Drivers/CMSIS/Include -I../Core/Inc -I../Drivers/STM32F4xx_HAL_Driver/Inc -I../Drivers/CMSIS/Device/ST/STM32F4xx/Include -I../Drivers/STM32F4xx_HAL_Driver/Inc/Legacy -O0 -ffunction-sections -fdata-sections -Wall -fstack-usage -MMD -MP -MF"Drivers/STM32F4xx_HAL_Driver/Src/stm32f4xx_hal_dma_ex.d" -MT"Drivers/STM32F4xx_HAL_Driver/Src/stm32f4xx_hal_dma_ex.o" --specs=nano.specs -mfpu=fpv4-sp-d16 -mfloat-abi=hard -mthumb -o "Drivers/STM32F4xx_HAL_Driver/Src/stm32f4xx_hal_dma_ex.o"
arm-none-eabi-gcc "../Drivers/STM32F4xx_HAL_Driver/Src/stm32f4xx_hal_exti.c" -mcpu=cortex-m4 -std=gnu11 -g3 -DDEBUG -DUSE_HAL_DRIVER -DSTM32F446xx -c -I../Drivers/CMSIS/Include -I../Core/Inc -I../Drivers/STM32F4xx_HAL_Driver/Inc -I../Drivers/CMSIS/Device/ST/STM32F4xx/Include -I../Drivers/STM32F4xx_HAL_Driver/Inc/Legacy -O0 -ffunction-sections -fdata-sections -Wall -fstack-usage -MMD -MP -MF"Drivers/STM32F4xx_HAL_Driver/Src/stm32f4xx_hal_exti.d" -MT"Drivers/STM32F4xx_HAL_Driver/Src/stm32f4xx_hal_exti.o" --specs=nano.specs -mfpu=fpv4-sp-d16 -mfloat-abi=hard -mthumb -o "Drivers/STM32F4xx_HAL_Driver/Src/stm32f4xx_hal_exti.o"
arm-none-eabi-gcc "../Drivers/STM32F4xx_HAL_Driver/Src/stm32f4xx_hal_flash.c" -mcpu=cortex-m4 -std=gnu11 -g3 -DDEBUG -DUSE_HAL_DRIVER -DSTM32F446xx -c -I../Drivers/CMSIS/Include -I../Core/Inc -I../Drivers/STM32F4xx_HAL_Driver/Inc -I../Drivers/CMSIS/Device/ST/STM32F4xx/Include -I../Drivers/STM32F4xx_HAL_Driver/Inc/Legacy -O0 -ffunction-sections -fdata-sections -Wall -fstack-usage -MMD -MP -MF"Drivers/STM32F4xx_HAL_Driver/Src/stm32f4xx_hal_flash.d" -MT"Drivers/STM32F4xx_HAL_Driver/Src/stm32f4xx_hal_flash.o" --specs=nano.specs -mfpu=fpv4-sp-d16 -mfloat-abi=hard -mthumb -o "Drivers/STM32F4xx_HAL_Driver/Src/stm32f4xx_hal_flash.o"
arm-none-eabi-gcc "../Drivers/STM32F4xx_HAL_Driver/Src/stm32f4xx_hal_flash_ex.c" -mcpu=cortex-m4 -std=gnu11 -g3 -DDEBUG -DUSE_HAL_DRIVER -DSTM32F446xx -c -I../Drivers/CMSIS/Include -I../Core/Inc -I../Drivers/STM32F4xx_HAL_Driver/Inc -I../Drivers/CMSIS/Device/ST/STM32F4xx/Include -I../Drivers/STM32F4xx_HAL_Driver/Inc/Legacy -O0 -ffunction-sections -fdata-sections -Wall -fstack-usage -MMD -MP -MF"Drivers/STM32F4xx_HAL_Driver/Src/stm32f4xx_hal_flash_ex.d" -MT"Drivers/STM32F4xx_HAL_Driver/Src/stm32f4xx_hal_flash_ex.o" --specs=nano.specs -mfpu=fpv4-sp-d16 -mfloat-abi=hard -mthumb -o "Drivers/STM32F4xx_HAL_Driver/Src/stm32f4xx_hal_flash_ex.o"
arm-none-eabi-gcc "../Drivers/STM32F4xx_HAL_Driver/Src/stm32f4xx_hal_flash_ramfunc.c" -mcpu=cortex-m4 -std=gnu11 -g3 -DDEBUG -DUSE_HAL_DRIVER -DSTM32F446xx -c -I../Drivers/CMSIS/Include -I../Core/Inc -I../Drivers/STM32F4xx_HAL_Driver/Inc -I../Drivers/CMSIS/Device/ST/STM32F4xx/Include -I../Drivers/STM32F4xx_HAL_Driver/Inc/Legacy -O0 -ffunction-sections -fdata-sections -Wall -fstack-usage -MMD -MP -MF"Drivers/STM32F4xx_HAL_Driver/Src/stm32f4xx_hal_flash_ramfunc.d" -MT"Drivers/STM32F4xx_HAL_Driver/Src/stm32f4xx_hal_flash_ramfunc.o" --specs=nano.specs -mfpu=fpv4-sp-d16 -mfloat-abi=hard -mthumb -o "Drivers/STM32F4xx_HAL_Driver/Src/stm32f4xx_hal_flash_ramfunc.o"
arm-none-eabi-gcc "../Drivers/STM32F4xx_HAL_Driver/Src/stm32f4xx_hal_gpio.c" -mcpu=cortex-m4 -std=gnu11 -g3 -DDEBUG -DUSE_HAL_DRIVER -DSTM32F446xx -c -I../Drivers/CMSIS/Include -I../Core/Inc -I../Drivers/STM32F4xx_HAL_Driver/Inc -I../Drivers/CMSIS/Device/ST/STM32F4xx/Include -I../Drivers/STM32F4xx_HAL_Driver/Inc/Legacy -O0 -ffunction-sections -fdata-sections -Wall -fstack-usage -MMD -MP -MF"Drivers/STM32F4xx_HAL_Driver/Src/stm32f4xx_hal_gpio.d" -MT"Drivers/STM32F4xx_HAL_Driver/Src/stm32f4xx_hal_gpio.o" --specs=nano.specs -mfpu=fpv4-sp-d16 -mfloat-abi=hard -mthumb -o "Drivers/STM32F4xx_HAL_Driver/Src/stm32f4xx_hal_gpio.o"
arm-none-eabi-gcc "../Drivers/STM32F4xx_HAL_Driver/Src/stm32f4xx_hal_pwr.c" -mcpu=cortex-m4 -std=gnu11 -g3 -DDEBUG -DUSE_HAL_DRIVER -DSTM32F446xx -c -I../Drivers/CMSIS/Include -I../Core/Inc -I../Drivers/STM32F4xx_HAL_Driver/Inc -I../Drivers/CMSIS/Device/ST/STM32F4xx/Include -I../Drivers/STM32F4xx_HAL_Driver/Inc/Legacy -O0 -ffunction-sections -fdata-sections -Wall -fstack-usage -MMD -MP -MF"Drivers/STM32F4xx_HAL_Driver/Src/stm32f4xx_hal_pwr.d" -MT"Drivers/STM32F4xx_HAL_Driver/Src/stm32f4xx_hal_pwr.o" --specs=nano.specs -mfpu=fpv4-sp-d16 -mfloat-abi=hard -mthumb -o "Drivers/STM32F4xx_HAL_Driver/Src/stm32f4xx_hal_pwr.o"
arm-none-eabi-gcc "../Drivers/STM32F4xx_HAL_Driver/Src/stm32f4xx_hal_pwr_ex.c" -mcpu=cortex-m4 -std=gnu11 -g3 -DDEBUG -DUSE_HAL_DRIVER -DSTM32F446xx -c -I../Drivers/CMSIS/Include -I../Core/Inc -I../Drivers/STM32F4xx_HAL_Driver/Inc -I../Drivers/CMSIS/Device/ST/STM32F4xx/Include -I../Drivers/STM32F4xx_HAL_Driver/Inc/Legacy -O0 -ffunction-sections -fdata-sections -Wall -fstack-usage -MMD -MP -MF"Drivers/STM32F4xx_HAL_Driver/Src/stm32f4xx_hal_pwr_ex.d" -MT"Drivers/STM32F4xx_HAL_Driver/Src/stm32f4xx_hal_pwr_ex.o" --specs=nano.specs -mfpu=fpv4-sp-d16 -mfloat-abi=hard -mthumb -o "Drivers/STM32F4xx_HAL_Driver/Src/stm32f4xx_hal_pwr_ex.o"
arm-none-eabi-gcc "../Drivers/STM32F4xx_HAL_Driver/Src/stm32f4xx_hal_rcc.c" -mcpu=cortex-m4 -std=gnu11 -g3 -DDEBUG -DUSE_HAL_DRIVER -DSTM32F446xx -c -I../Drivers/CMSIS/Include -I../Core/Inc -I../Drivers/STM32F4xx_HAL_Driver/Inc -I../Drivers/CMSIS/Device/ST/STM32F4xx/Include -I../Drivers/STM32F4xx_HAL_Driver/Inc/Legacy -O0 -ffunction-sections -fdata-sections -Wall -fstack-usage -MMD -MP -MF"Drivers/STM32F4xx_HAL_Driver/Src/stm32f4xx_hal_rcc.d" -MT"Drivers/STM32F4xx_HAL_Driver/Src/stm32f4xx_hal_rcc.o" --specs=nano.specs -mfpu=fpv4-sp-d16 -mfloat-abi=hard -mthumb -o "Drivers/STM32F4xx_HAL_Driver/Src/stm32f4xx_hal_rcc.o"
arm-none-eabi-gcc "../Drivers/STM32F4xx_HAL_Driver/Src/stm32f4xx_hal_rcc_ex.c" -mcpu=cortex-m4 -std=gnu11 -g3 -DDEBUG -DUSE_HAL_DRIVER -DSTM32F446xx -c -I../Drivers/CMSIS/Include -I../Core/Inc -I../Drivers/STM32F4xx_HAL_Driver/Inc -I../Drivers/CMSIS/Device/ST/STM32F4xx/Include -I../Drivers/STM32F4xx_HAL_Driver/Inc/Legacy -O0 -ffunction-sections -fdata-sections -Wall -fstack-usage -MMD -MP -MF"Drivers/STM32F4xx_HAL_Driver/Src/stm32f4xx_hal_rcc_ex.d" -MT"Drivers/STM32F4xx_HAL_Driver/Src/stm32f4xx_hal_rcc_ex.o" --specs=nano.specs -mfpu=fpv4-sp-d16 -mfloat-abi=hard -mthumb -o "Drivers/STM32F4xx_HAL_Driver/Src/stm32f4xx_hal_rcc_ex.o"
arm-none-eabi-gcc "../Drivers/STM32F4xx_HAL_Driver/Src/stm32f4xx_hal_spi.c" -mcpu=cortex-m4 -std=gnu11 -g3 -DDEBUG -DUSE_HAL_DRIVER -DSTM32F446xx -c -I../Drivers/CMSIS/Include -I../Core/Inc -I../Drivers/STM32F4xx_HAL_Driver/Inc -I../Drivers/CMSIS/Device/ST/STM32F4xx/Include -I../Drivers/STM32F4xx_HAL_Driver/Inc/Legacy -O0 -ffunction-sections -fdata-sections -Wall -fstack-usage -MMD -MP -MF"Drivers/STM32F4xx_HAL_Driver/Src/stm32f4xx_hal_spi.d" -MT"Drivers/STM32F4xx_HAL_Driver/Src/stm32f4xx_hal_spi.o" --specs=nano.specs -mfpu=fpv4-sp-d16 -mfloat-abi=hard -mthumb -o "Drivers/STM32F4xx_HAL_Driver/Src/stm32f4xx_hal_spi.o"
arm-none-eabi-gcc "../Drivers/STM32F4xx_HAL_Driver/Src/stm32f4xx_hal_tim.c" -mcpu=cortex-m4 -std=gnu11 -g3 -DDEBUG -DUSE_HAL_DRIVER -DSTM32F446xx -c -I../Drivers/CMSIS/Include -I../Core/Inc -I../Drivers/STM32F4xx_HAL_Driver/Inc -I../Drivers/CMSIS/Device/ST/STM32F4xx/Include -I../Drivers/STM32F4xx_HAL_Driver/Inc/Legacy -O0 -ffunction-sections -fdata-sections -Wall -fstack-usage -MMD -MP -MF"Drivers/STM32F4xx_HAL_Driver/Src/stm32f4xx_hal_tim.d" -MT"Drivers/STM32F4xx_HAL_Driver/Src/stm32f4xx_hal_tim.o" --specs=nano.specs -mfpu=fpv4-sp-d16 -mfloat-abi=hard -mthumb -o "Drivers/STM32F4xx_HAL_Driver/Src/stm32f4xx_hal_tim.o"
arm-none-eabi-gcc "../Drivers/STM32F4xx_HAL_Driver/Src/stm32f4xx_hal_tim_ex.c" -mcpu=cortex-m4 -std=gnu11 -g3 -DDEBUG -DUSE_HAL_DRIVER -DSTM32F446xx -c -I../Drivers/CMSIS/Include -I../Core/Inc -I../Drivers/STM32F4xx_HAL_Driver/Inc -I../Drivers/CMSIS/Device/ST/STM32F4xx/Include -I../Drivers/STM32F4xx_HAL_Driver/Inc/Legacy -O0 -ffunction-sections -fdata-sections -Wall -fstack-usage -MMD -MP -MF"Drivers/STM32F4xx_HAL_Driver/Src/stm32f4xx_hal_tim_ex.d" -MT"Drivers/STM32F4xx_HAL_Driver/Src/stm32f4xx_hal_tim_ex.o" --specs=nano.specs -mfpu=fpv4-sp-d16 -mfloat-abi=hard -mthumb -o "Drivers/STM32F4xx_HAL_Driver/Src/stm32f4xx_hal_tim_ex.o"
arm-none-eabi-gcc "../Drivers/STM32F4xx_HAL_Driver/Src/stm32f4xx_hal_uart.c" -mcpu=cortex-m4 -std=gnu11 -g3 -DDEBUG -DUSE_HAL_DRIVER -DSTM32F446xx -c -I../Drivers/CMSIS/Include -I../Core/Inc -I../Drivers/STM32F4xx_HAL_Driver/Inc -I../Drivers/CMSIS/Device/ST/STM32F4xx/Include -I../Drivers/STM32F4xx_HAL_Driver/Inc/Legacy -O0 -ffunction-sections -fdata-sections -Wall -fstack-usage -MMD -MP -MF"Drivers/STM32F4xx_HAL_Driver/Src/stm32f4xx_hal_uart.d" -MT"Drivers/STM32F4xx_HAL_Driver/Src/stm32f4xx_hal_uart.o" --specs=nano.specs -mfpu=fpv4-sp-d16 -mfloat-abi=hard -mthumb -o "Drivers/STM32F4xx_HAL_Driver/Src/stm32f4xx_hal_uart.o"
arm-none-eabi-gcc -mcpu=cortex-m4 -g3 -DDEBUG -c -x assembler-with-cpp -MMD -MP -MF"Core/Startup/startup_stm32f446retx.d" -MT"Core/Startup/startup_stm32f446retx.o" --specs=nano.specs -mfpu=fpv4-sp-d16 -mfloat-abi=hard -mthumb -o "Core/Startup/startup_stm32f446retx.o" "../Core/Startup/startup_stm32f446retx.s"
arm-none-eabi-gcc "../Core/Src/main.c" -mcpu=cortex-m4 -std=gnu11 -g3 -DDEBUG -DUSE_HAL_DRIVER -DSTM32F446xx -c -I../Drivers/CMSIS/Include -I../Core/Inc -I../Drivers/STM32F4xx_HAL_Driver/Inc -I../Drivers/CMSIS/Device/ST/STM32F4xx/Include -I../Drivers/STM32F4xx_HAL_Driver/Inc/Legacy -O0 -ffunction-sections -fdata-sections -Wall -fstack-usage -MMD -MP -MF"Core/Src/main.d" -MT"Core/Src/main.o" --specs=nano.specs -mfpu=fpv4-sp-d16 -mfloat-abi=hard -mthumb -o "Core/Src/main.o"
arm-none-eabi-gcc "../Core/Src/stm32f4xx_hal_msp.c" -mcpu=cortex-m4 -std=gnu11 -g3 -DDEBUG -DUSE_HAL_DRIVER -DSTM32F446xx -c -I../Drivers/CMSIS/Include -I../Core/Inc -I../Drivers/STM32F4xx_HAL_Driver/Inc -I../Drivers/CMSIS/Device/ST/STM32F4xx/Include -I../Drivers/STM32F4xx_HAL_Driver/Inc/Legacy -O0 -ffunction-sections -fdata-sections -Wall -fstack-usage -MMD -MP -MF"Core/Src/stm32f4xx_hal_msp.d" -MT"Core/Src/stm32f4xx_hal_msp.o" --specs=nano.specs -mfpu=fpv4-sp-d16 -mfloat-abi=hard -mthumb -o "Core/Src/stm32f4xx_hal_msp.o"
arm-none-eabi-gcc "../Core/Src/stm32f4xx_it.c" -mcpu=cortex-m4 -std=gnu11 -g3 -DDEBUG -DUSE_HAL_DRIVER -DSTM32F446xx -c -I../Drivers/CMSIS/Include -I../Core/Inc -I../Drivers/STM32F4xx_HAL_Driver/Inc -I../Drivers/CMSIS/Device/ST/STM32F4xx/Include -I../Drivers/STM32F4xx_HAL_Driver/Inc/Legacy -O0 -ffunction-sections -fdata-sections -Wall -fstack-usage -MMD -MP -MF"Core/Src/stm32f4xx_it.d" -MT"Core/Src/stm32f4xx_it.o" --specs=nano.specs -mfpu=fpv4-sp-d16 -mfloat-abi=hard -mthumb -o "Core/Src/stm32f4xx_it.o"
arm-none-eabi-gcc "../Core/Src/syscalls.c" -mcpu=cortex-m4 -std=gnu11 -g3 -DDEBUG -DUSE_HAL_DRIVER -DSTM32F446xx -c -I../Drivers/CMSIS/Include -I../Core/Inc -I../Drivers/STM32F4xx_HAL_Driver/Inc -I../Drivers/CMSIS/Device/ST/STM32F4xx/Include -I../Drivers/STM32F4xx_HAL_Driver/Inc/Legacy -O0 -ffunction-sections -fdata-sections -Wall -fstack-usage -MMD -MP -MF"Core/Src/syscalls.d" -MT"Core/Src/syscalls.o" --specs=nano.specs -mfpu=fpv4-sp-d16 -mfloat-abi=hard -mthumb -o "Core/Src/syscalls.o"
arm-none-eabi-gcc "../Core/Src/sysmem.c" -mcpu=cortex-m4 -std=gnu11 -g3 -DDEBUG -DUSE_HAL_DRIVER -DSTM32F446xx -c -I../Drivers/CMSIS/Include -I../Core/Inc -I../Drivers/STM32F4xx_HAL_Driver/Inc -I../Drivers/CMSIS/Device/ST/STM32F4xx/Include -I../Drivers/STM32F4xx_HAL_Driver/Inc/Legacy -O0 -ffunction-sections -fdata-sections -Wall -fstack-usage -MMD -MP -MF"Core/Src/sysmem.d" -MT"Core/Src/sysmem.o" --specs=nano.specs -mfpu=fpv4-sp-d16 -mfloat-abi=hard -mthumb -o "Core/Src/sysmem.o"
arm-none-eabi-gcc "../Core/Src/system_stm32f4xx.c" -mcpu=cortex-m4 -std=gnu11 -g3 -DDEBUG -DUSE_HAL_DRIVER -DSTM32F446xx -c -I../Drivers/CMSIS/Include -I../Core/Inc -I../Drivers/STM32F4xx_HAL_Driver/Inc -I../Drivers/CMSIS/Device/ST/STM32F4xx/Include -I../Drivers/STM32F4xx_HAL_Driver/Inc/Legacy -O0 -ffunction-sections -fdata-sections -Wall -fstack-usage -MMD -MP -MF"Core/Src/system_stm32f4xx.d" -MT"Core/Src/system_stm32f4xx.o" --specs=nano.specs -mfpu=fpv4-sp-d16 -mfloat-abi=hard -mthumb -o "Core/Src/system_stm32f4xx.o"
../Core/Src/main.c: In function 'main':
../Core/Src/main.c:121:6: warning: implicit declaration of function 'sprintf' [-Wimplicit-function-declaration]
  121 |      sprintf(PC_txdata,"%d",aRxBuffer[0]);
      |      ^~~~~~~
../Core/Src/main.c:121:6: warning: incompatible implicit declaration of built-in function 'sprintf'
../Core/Src/main.c:22:1: note: include '<stdio.h>' or provide a declaration of 'sprintf'
   21 | #include "main.h"
  +++ |+#include <stdio.h>
   22 | 
../Core/Src/main.c:97:11: warning: unused variable 'txdata' [-Wunused-variable]
   97 |   uint8_t txdata[9] = {0};
      |           ^~~~~~
arm-none-eabi-gcc -o "f446_spi_test.elf" @"objects.list"   -mcpu=cortex-m4 -T"C:\Users\syuug\STM32CubeIDE\workspace_1.7.0\f446_spi_test\STM32F446RETX_FLASH.ld" --specs=nosys.specs -Wl,-Map="f446_spi_test.map" -Wl,--gc-sections -static --specs=nano.specs -mfpu=fpv4-sp-d16 -mfloat-abi=hard -mthumb -Wl,--start-group -lc -lm -Wl,--end-group
Finished building target: f446_spi_test.elf
 
arm-none-eabi-size   f446_spi_test.elf 
arm-none-eabi-objdump -h -S  f446_spi_test.elf  > "f446_spi_test.list"
arm-none-eabi-objcopy  -O binary  f446_spi_test.elf  "f446_spi_test.bin"
   text	   data	    bss	    dec	    hex	filename
  12264	    120	   1752	  14136	   3738	f446_spi_test.elf
Finished building: default.size.stdout
 
Finished building: f446_spi_test.list
 
Finished building: f446_spi_test.bin
 
15:55:32 **** Incremental Build of configuration Debug for project f446_spi_test ****
make -j8 all 
arm-none-eabi-size   f446_spi_test.elf 
   text	   data	    bss	    dec	    hex	filename
  12264	    120	   1752	  14136	   3738	f446_spi_test.elf
Finished building: default.size.stdout
 
16:03:07 **** Incremental Build of configuration Debug for project f446_spi_test ****
make -j8 all 
arm-none-eabi-gcc "../Core/Src/main.c" -mcpu=cortex-m4 -std=gnu11 -g3 -DDEBUG -DUSE_HAL_DRIVER -DSTM32F446xx -c -I../Drivers/CMSIS/Include -I../Core/Inc -I../Drivers/STM32F4xx_HAL_Driver/Inc -I../Drivers/CMSIS/Device/ST/STM32F4xx/Include -I../Drivers/STM32F4xx_HAL_Driver/Inc/Legacy -O0 -ffunction-sections -fdata-sections -Wall -fstack-usage -MMD -MP -MF"Core/Src/main.d" -MT"Core/Src/main.o" --specs=nano.specs -mfpu=fpv4-sp-d16 -mfloat-abi=hard -mthumb -o "Core/Src/main.o"
../Core/Src/main.c: In function 'main':
../Core/Src/main.c:122:6: warning: implicit declaration of function 'sprintf' [-Wimplicit-function-declaration]
  122 |      sprintf(PC_txdata,"%d",aRxBuffer[0]);
      |      ^~~~~~~
../Core/Src/main.c:122:6: warning: incompatible implicit declaration of built-in function 'sprintf'
../Core/Src/main.c:22:1: note: include '<stdio.h>' or provide a declaration of 'sprintf'
   21 | #include "main.h"
  +++ |+#include <stdio.h>
   22 | 
../Core/Src/main.c:97:11: warning: unused variable 'txdata' [-Wunused-variable]
   97 |   uint8_t txdata[9] = {0};
      |           ^~~~~~
arm-none-eabi-gcc -o "f446_spi_test.elf" @"objects.list"   -mcpu=cortex-m4 -T"C:\Users\syuug\STM32CubeIDE\workspace_1.7.0\f446_spi_test\STM32F446RETX_FLASH.ld" --specs=nosys.specs -Wl,-Map="f446_spi_test.map" -Wl,--gc-sections -static --specs=nano.specs -mfpu=fpv4-sp-d16 -mfloat-abi=hard -mthumb -Wl,--start-group -lc -lm -Wl,--end-group
Finished building target: f446_spi_test.elf
 
arm-none-eabi-size   f446_spi_test.elf 
arm-none-eabi-objdump -h -S  f446_spi_test.elf  > "f446_spi_test.list"
arm-none-eabi-objcopy  -O binary  f446_spi_test.elf  "f446_spi_test.bin"
   text	   data	    bss	    dec	    hex	filename
  12276	    120	   1752	  14148	   3744	f446_spi_test.elf
Finished building: default.size.stdout
 
Finished building: f446_spi_test.bin
Finished building: f446_spi_test.list
 
 
16:09:23 **** Incremental Build of configuration Debug for project f446_spi_test ****
make -j8 all 
arm-none-eabi-size   f446_spi_test.elf 
   text	   data	    bss	    dec	    hex	filename
  12276	    120	   1752	  14148	   3744	f446_spi_test.elf
Finished building: default.size.stdout
 
17:25:51 **** Incremental Build of configuration Debug for project f446_spi_test ****
make -j8 all 
arm-none-eabi-gcc "../Core/Src/main.c" -mcpu=cortex-m4 -std=gnu11 -g3 -DDEBUG -DUSE_HAL_DRIVER -DSTM32F446xx -c -I../Drivers/CMSIS/Include -I../Core/Inc -I../Drivers/STM32F4xx_HAL_Driver/Inc -I../Drivers/CMSIS/Device/ST/STM32F4xx/Include -I../Drivers/STM32F4xx_HAL_Driver/Inc/Legacy -O0 -ffunction-sections -fdata-sections -Wall -fstack-usage -MMD -MP -MF"Core/Src/main.d" -MT"Core/Src/main.o" --specs=nano.specs -mfpu=fpv4-sp-d16 -mfloat-abi=hard -mthumb -o "Core/Src/main.o"
../Core/Src/main.c: In function 'main':
../Core/Src/main.c:122:6: warning: implicit declaration of function 'sprintf' [-Wimplicit-function-declaration]
  122 |      sprintf(PC_txdata,"%d",aRxBuffer[0]);
      |      ^~~~~~~
../Core/Src/main.c:122:6: warning: incompatible implicit declaration of built-in function 'sprintf'
../Core/Src/main.c:22:1: note: include '<stdio.h>' or provide a declaration of 'sprintf'
   21 | #include "main.h"
  +++ |+#include <stdio.h>
   22 | 
../Core/Src/main.c:97:11: warning: unused variable 'txdata' [-Wunused-variable]
   97 |   uint8_t txdata[9] = {0};
      |           ^~~~~~
arm-none-eabi-gcc -o "f446_spi_test.elf" @"objects.list"   -mcpu=cortex-m4 -T"C:\Users\syuug\STM32CubeIDE\workspace_1.7.0\f446_spi_test\STM32F446RETX_FLASH.ld" --specs=nosys.specs -Wl,-Map="f446_spi_test.map" -Wl,--gc-sections -static --specs=nano.specs -mfpu=fpv4-sp-d16 -mfloat-abi=hard -mthumb -Wl,--start-group -lc -lm -Wl,--end-group
Finished building target: f446_spi_test.elf
 
arm-none-eabi-size   f446_spi_test.elf 
arm-none-eabi-objdump -h -S  f446_spi_test.elf  > "f446_spi_test.list"
arm-none-eabi-objcopy  -O binary  f446_spi_test.elf  "f446_spi_test.bin"
   text	   data	    bss	    dec	    hex	filename
  12264	    120	   1752	  14136	   3738	f446_spi_test.elf
Finished building: default.size.stdout
 
Finished building: f446_spi_test.bin
 
Finished building: f446_spi_test.list
 
17:28:37 **** Incremental Build of configuration Debug for project f446_spi_test ****
make -j8 all 
arm-none-eabi-gcc "../Core/Src/main.c" -mcpu=cortex-m4 -std=gnu11 -g3 -DDEBUG -DUSE_HAL_DRIVER -DSTM32F446xx -c -I../Drivers/CMSIS/Include -I../Core/Inc -I../Drivers/STM32F4xx_HAL_Driver/Inc -I../Drivers/CMSIS/Device/ST/STM32F4xx/Include -I../Drivers/STM32F4xx_HAL_Driver/Inc/Legacy -O0 -ffunction-sections -fdata-sections -Wall -fstack-usage -MMD -MP -MF"Core/Src/main.d" -MT"Core/Src/main.o" --specs=nano.specs -mfpu=fpv4-sp-d16 -mfloat-abi=hard -mthumb -o "Core/Src/main.o"
../Core/Src/main.c: In function 'main':
../Core/Src/main.c:124:6: warning: implicit declaration of function 'sprintf' [-Wimplicit-function-declaration]
  124 |      sprintf(PC_txdata,"%d",aRxBuffer[0]);
      |      ^~~~~~~
../Core/Src/main.c:124:6: warning: incompatible implicit declaration of built-in function 'sprintf'
../Core/Src/main.c:22:1: note: include '<stdio.h>' or provide a declaration of 'sprintf'
   21 | #include "main.h"
  +++ |+#include <stdio.h>
   22 | 
../Core/Src/main.c:97:11: warning: unused variable 'txdata' [-Wunused-variable]
   97 |   uint8_t txdata[9] = {0};
      |           ^~~~~~
arm-none-eabi-gcc -o "f446_spi_test.elf" @"objects.list"   -mcpu=cortex-m4 -T"C:\Users\syuug\STM32CubeIDE\workspace_1.7.0\f446_spi_test\STM32F446RETX_FLASH.ld" --specs=nosys.specs -Wl,-Map="f446_spi_test.map" -Wl,--gc-sections -static --specs=nano.specs -mfpu=fpv4-sp-d16 -mfloat-abi=hard -mthumb -Wl,--start-group -lc -lm -Wl,--end-group
Finished building target: f446_spi_test.elf
 
arm-none-eabi-size   f446_spi_test.elf 
arm-none-eabi-objdump -h -S  f446_spi_test.elf  > "f446_spi_test.list"
arm-none-eabi-objcopy  -O binary  f446_spi_test.elf  "f446_spi_test.bin"
   text	   data	    bss	    dec	    hex	filename
  12276	    120	   1752	  14148	   3744	f446_spi_test.elf
Finished building: default.size.stdout
 
Finished building: f446_spi_test.bin
 
Finished building: f446_spi_test.list
 
19:21:23 **** Incremental Build of configuration Debug for project f446_spi_test ****
make -j8 all 
arm-none-eabi-gcc "../Core/Src/main.c" -mcpu=cortex-m4 -std=gnu11 -g3 -DDEBUG -DUSE_HAL_DRIVER -DSTM32F446xx -c -I../Drivers/CMSIS/Include -I../Core/Inc -I../Drivers/STM32F4xx_HAL_Driver/Inc -I../Drivers/CMSIS/Device/ST/STM32F4xx/Include -I../Drivers/STM32F4xx_HAL_Driver/Inc/Legacy -O0 -ffunction-sections -fdata-sections -Wall -fstack-usage -MMD -MP -MF"Core/Src/main.d" -MT"Core/Src/main.o" --specs=nano.specs -mfpu=fpv4-sp-d16 -mfloat-abi=hard -mthumb -o "Core/Src/main.o"
../Core/Src/main.c: In function 'main':
../Core/Src/main.c:125:6: warning: implicit declaration of function 'sprintf' [-Wimplicit-function-declaration]
  125 |      sprintf(PC_txdata,"%d",aRxBuffer[0]);
      |      ^~~~~~~
../Core/Src/main.c:125:6: warning: incompatible implicit declaration of built-in function 'sprintf'
../Core/Src/main.c:22:1: note: include '<stdio.h>' or provide a declaration of 'sprintf'
   21 | #include "main.h"
  +++ |+#include <stdio.h>
   22 | 
../Core/Src/main.c:98:11: warning: unused variable 'txdata' [-Wunused-variable]
   98 |   uint8_t txdata[9] = {0};
      |           ^~~~~~
arm-none-eabi-gcc -o "f446_spi_test.elf" @"objects.list"   -mcpu=cortex-m4 -T"C:\Users\syuug\STM32CubeIDE\workspace_1.7.0\f446_spi_test\STM32F446RETX_FLASH.ld" --specs=nosys.specs -Wl,-Map="f446_spi_test.map" -Wl,--gc-sections -static --specs=nano.specs -mfpu=fpv4-sp-d16 -mfloat-abi=hard -mthumb -Wl,--start-group -lc -lm -Wl,--end-group
Finished building target: f446_spi_test.elf
 
arm-none-eabi-size   f446_spi_test.elf 
arm-none-eabi-objdump -h -S  f446_spi_test.elf  > "f446_spi_test.list"
arm-none-eabi-objcopy  -O binary  f446_spi_test.elf  "f446_spi_test.bin"
   text	   data	    bss	    dec	    hex	filename
  12316	    120	   1752	  14188	   376c	f446_spi_test.elf
Finished building: default.size.stdout
 
Finished building: f446_spi_test.bin
 
Finished building: f446_spi_test.list
 
15:42:54 **** Incremental Build of configuration Debug for project f446_spi_test ****
make -j8 all 
arm-none-eabi-gcc "../Core/Src/main.c" -mcpu=cortex-m4 -std=gnu11 -g3 -DDEBUG -DUSE_HAL_DRIVER -DSTM32F446xx -c -I../Drivers/CMSIS/Include -I../Core/Inc -I../Drivers/STM32F4xx_HAL_Driver/Inc -I../Drivers/CMSIS/Device/ST/STM32F4xx/Include -I../Drivers/STM32F4xx_HAL_Driver/Inc/Legacy -O0 -ffunction-sections -fdata-sections -Wall -fstack-usage -MMD -MP -MF"Core/Src/main.d" -MT"Core/Src/main.o" --specs=nano.specs -mfpu=fpv4-sp-d16 -mfloat-abi=hard -mthumb -o "Core/Src/main.o"
../Core/Src/main.c: In function 'main':
../Core/Src/main.c:125:6: warning: implicit declaration of function 'sprintf' [-Wimplicit-function-declaration]
  125 |      sprintf(PC_txdata,"%c",aRxBuffer[0]);
      |      ^~~~~~~
../Core/Src/main.c:125:6: warning: incompatible implicit declaration of built-in function 'sprintf'
../Core/Src/main.c:22:1: note: include '<stdio.h>' or provide a declaration of 'sprintf'
   21 | #include "main.h"
  +++ |+#include <stdio.h>
   22 | 
../Core/Src/main.c:98:11: warning: unused variable 'txdata' [-Wunused-variable]
   98 |   uint8_t txdata[9] = {0};
      |           ^~~~~~
arm-none-eabi-gcc -o "f446_spi_test.elf" @"objects.list"   -mcpu=cortex-m4 -T"C:\Users\syuug\STM32CubeIDE\workspace_1.7.0\f446_spi_test\STM32F446RETX_FLASH.ld" --specs=nosys.specs -Wl,-Map="f446_spi_test.map" -Wl,--gc-sections -static --specs=nano.specs -mfpu=fpv4-sp-d16 -mfloat-abi=hard -mthumb -Wl,--start-group -lc -lm -Wl,--end-group
Finished building target: f446_spi_test.elf
 
arm-none-eabi-size   f446_spi_test.elf 
arm-none-eabi-objdump -h -S  f446_spi_test.elf  > "f446_spi_test.list"
arm-none-eabi-objcopy  -O binary  f446_spi_test.elf  "f446_spi_test.bin"
   text	   data	    bss	    dec	    hex	filename
  12316	    120	   1752	  14188	   376c	f446_spi_test.elf
Finished building: default.size.stdout
 
Finished building: f446_spi_test.bin
 
Finished building: f446_spi_test.list
 
15:50:36 **** Incremental Build of configuration Debug for project f446_spi_test ****
make -j8 all 
arm-none-eabi-gcc "../Core/Src/main.c" -mcpu=cortex-m4 -std=gnu11 -g3 -DDEBUG -DUSE_HAL_DRIVER -DSTM32F446xx -c -I../Drivers/CMSIS/Include -I../Core/Inc -I../Drivers/STM32F4xx_HAL_Driver/Inc -I../Drivers/CMSIS/Device/ST/STM32F4xx/Include -I../Drivers/STM32F4xx_HAL_Driver/Inc/Legacy -O0 -ffunction-sections -fdata-sections -Wall -fstack-usage -MMD -MP -MF"Core/Src/main.d" -MT"Core/Src/main.o" --specs=nano.specs -mfpu=fpv4-sp-d16 -mfloat-abi=hard -mthumb -o "Core/Src/main.o"
../Core/Src/main.c: In function 'main':
../Core/Src/main.c:126:6: warning: implicit declaration of function 'sprintf' [-Wimplicit-function-declaration]
  126 |      sprintf(PC_txdata,"%c",aRxBuffer[0]);
      |      ^~~~~~~
../Core/Src/main.c:126:6: warning: incompatible implicit declaration of built-in function 'sprintf'
../Core/Src/main.c:22:1: note: include '<stdio.h>' or provide a declaration of 'sprintf'
   21 | #include "main.h"
  +++ |+#include <stdio.h>
   22 | 
../Core/Src/main.c:98:11: warning: unused variable 'txdata' [-Wunused-variable]
   98 |   uint8_t txdata[9] = {0};
      |           ^~~~~~
arm-none-eabi-gcc -o "f446_spi_test.elf" @"objects.list"   -mcpu=cortex-m4 -T"C:\Users\syuug\STM32CubeIDE\workspace_1.7.0\f446_spi_test\STM32F446RETX_FLASH.ld" --specs=nosys.specs -Wl,-Map="f446_spi_test.map" -Wl,--gc-sections -static --specs=nano.specs -mfpu=fpv4-sp-d16 -mfloat-abi=hard -mthumb -Wl,--start-group -lc -lm -Wl,--end-group
Finished building target: f446_spi_test.elf
 
arm-none-eabi-size   f446_spi_test.elf 
arm-none-eabi-objdump -h -S  f446_spi_test.elf  > "f446_spi_test.list"
arm-none-eabi-objcopy  -O binary  f446_spi_test.elf  "f446_spi_test.bin"
   text	   data	    bss	    dec	    hex	filename
  12332	    120	   1752	  14204	   377c	f446_spi_test.elf
Finished building: default.size.stdout
 
Finished building: f446_spi_test.bin
 
Finished building: f446_spi_test.list
 
16:34:45 **** Incremental Build of configuration Debug for project f446_spi_test ****
make -j8 all 
arm-none-eabi-gcc "../Core/Src/main.c" -mcpu=cortex-m4 -std=gnu11 -g3 -DDEBUG -DUSE_HAL_DRIVER -DSTM32F446xx -c -I../Drivers/CMSIS/Include -I../Core/Inc -I../Drivers/STM32F4xx_HAL_Driver/Inc -I../Drivers/CMSIS/Device/ST/STM32F4xx/Include -I../Drivers/STM32F4xx_HAL_Driver/Inc/Legacy -O0 -ffunction-sections -fdata-sections -Wall -fstack-usage -MMD -MP -MF"Core/Src/main.d" -MT"Core/Src/main.o" --specs=nano.specs -mfpu=fpv4-sp-d16 -mfloat-abi=hard -mthumb -o "Core/Src/main.o"
../Core/Src/main.c: In function 'main':
../Core/Src/main.c:125:6: warning: implicit declaration of function 'sprintf' [-Wimplicit-function-declaration]
  125 |      sprintf(PC_txdata,"%c",aRxBuffer[0]);
      |      ^~~~~~~
../Core/Src/main.c:125:6: warning: incompatible implicit declaration of built-in function 'sprintf'
../Core/Src/main.c:22:1: note: include '<stdio.h>' or provide a declaration of 'sprintf'
   21 | #include "main.h"
  +++ |+#include <stdio.h>
   22 | 
../Core/Src/main.c:98:11: warning: unused variable 'txdata' [-Wunused-variable]
   98 |   uint8_t txdata[9] = {0};
      |           ^~~~~~
arm-none-eabi-gcc -o "f446_spi_test.elf" @"objects.list"   -mcpu=cortex-m4 -T"C:\Users\syuug\STM32CubeIDE\workspace_1.7.0\f446_spi_test\STM32F446RETX_FLASH.ld" --specs=nosys.specs -Wl,-Map="f446_spi_test.map" -Wl,--gc-sections -static --specs=nano.specs -mfpu=fpv4-sp-d16 -mfloat-abi=hard -mthumb -Wl,--start-group -lc -lm -Wl,--end-group
Finished building target: f446_spi_test.elf
 
arm-none-eabi-size   f446_spi_test.elf 
arm-none-eabi-objdump -h -S  f446_spi_test.elf  > "f446_spi_test.list"
arm-none-eabi-objcopy  -O binary  f446_spi_test.elf  "f446_spi_test.bin"
   text	   data	    bss	    dec	    hex	filename
  12316	    120	   1752	  14188	   376c	f446_spi_test.elf
Finished building: default.size.stdout
 
Finished building: f446_spi_test.bin
 
Finished building: f446_spi_test.list
 
16:37:19 **** Incremental Build of configuration Debug for project f446_spi_test ****
make -j8 all 
arm-none-eabi-gcc "../Core/Src/main.c" -mcpu=cortex-m4 -std=gnu11 -g3 -DDEBUG -DUSE_HAL_DRIVER -DSTM32F446xx -c -I../Drivers/CMSIS/Include -I../Core/Inc -I../Drivers/STM32F4xx_HAL_Driver/Inc -I../Drivers/CMSIS/Device/ST/STM32F4xx/Include -I../Drivers/STM32F4xx_HAL_Driver/Inc/Legacy -O0 -ffunction-sections -fdata-sections -Wall -fstack-usage -MMD -MP -MF"Core/Src/main.d" -MT"Core/Src/main.o" --specs=nano.specs -mfpu=fpv4-sp-d16 -mfloat-abi=hard -mthumb -o "Core/Src/main.o"
../Core/Src/main.c: In function 'main':
../Core/Src/main.c:125:6: warning: implicit declaration of function 'sprintf' [-Wimplicit-function-declaration]
  125 |      sprintf(PC_txdata,"%s",aRxBuffer);
      |      ^~~~~~~
../Core/Src/main.c:125:6: warning: incompatible implicit declaration of built-in function 'sprintf'
../Core/Src/main.c:22:1: note: include '<stdio.h>' or provide a declaration of 'sprintf'
   21 | #include "main.h"
  +++ |+#include <stdio.h>
   22 | 
../Core/Src/main.c:98:11: warning: unused variable 'txdata' [-Wunused-variable]
   98 |   uint8_t txdata[9] = {0};
      |           ^~~~~~
arm-none-eabi-gcc -o "f446_spi_test.elf" @"objects.list"   -mcpu=cortex-m4 -T"C:\Users\syuug\STM32CubeIDE\workspace_1.7.0\f446_spi_test\STM32F446RETX_FLASH.ld" --specs=nosys.specs -Wl,-Map="f446_spi_test.map" -Wl,--gc-sections -static --specs=nano.specs -mfpu=fpv4-sp-d16 -mfloat-abi=hard -mthumb -Wl,--start-group -lc -lm -Wl,--end-group
Finished building target: f446_spi_test.elf
 
arm-none-eabi-size   f446_spi_test.elf 
arm-none-eabi-objdump -h -S  f446_spi_test.elf  > "f446_spi_test.list"
arm-none-eabi-objcopy  -O binary  f446_spi_test.elf  "f446_spi_test.bin"
   text	   data	    bss	    dec	    hex	filename
  12316	    120	   1752	  14188	   376c	f446_spi_test.elf
Finished building: default.size.stdout
 
Finished building: f446_spi_test.bin
 
Finished building: f446_spi_test.list
 
16:37:31 **** Incremental Build of configuration Debug for project f446_spi_test ****
make -j8 all 
arm-none-eabi-size   f446_spi_test.elf 
   text	   data	    bss	    dec	    hex	filename
  12316	    120	   1752	  14188	   376c	f446_spi_test.elf
Finished building: default.size.stdout
 
16:40:16 **** Incremental Build of configuration Debug for project f446_spi_test ****
make -j8 all 
arm-none-eabi-gcc "../Core/Src/main.c" -mcpu=cortex-m4 -std=gnu11 -g3 -DDEBUG -DUSE_HAL_DRIVER -DSTM32F446xx -c -I../Drivers/CMSIS/Include -I../Core/Inc -I../Drivers/STM32F4xx_HAL_Driver/Inc -I../Drivers/CMSIS/Device/ST/STM32F4xx/Include -I../Drivers/STM32F4xx_HAL_Driver/Inc/Legacy -O0 -ffunction-sections -fdata-sections -Wall -fstack-usage -MMD -MP -MF"Core/Src/main.d" -MT"Core/Src/main.o" --specs=nano.specs -mfpu=fpv4-sp-d16 -mfloat-abi=hard -mthumb -o "Core/Src/main.o"
../Core/Src/main.c: In function 'main':
../Core/Src/main.c:119:15: error: assignment to expression with array type
  119 |      aTxBuffer=aRxBuffer;
      |               ^
../Core/Src/main.c:125:6: warning: implicit declaration of function 'sprintf' [-Wimplicit-function-declaration]
  125 |      sprintf(PC_txdata,"%s",aRxBuffer);
      |      ^~~~~~~
../Core/Src/main.c:125:6: warning: incompatible implicit declaration of built-in function 'sprintf'
../Core/Src/main.c:22:1: note: include '<stdio.h>' or provide a declaration of 'sprintf'
   21 | #include "main.h"
  +++ |+#include <stdio.h>
   22 | 
../Core/Src/main.c:98:11: warning: unused variable 'txdata' [-Wunused-variable]
   98 |   uint8_t txdata[9] = {0};
      |           ^~~~~~
make: *** [Core/Src/subdir.mk:34: Core/Src/main.o] Error 1
"make -j8 all" terminated with exit code 2. Build might be incomplete.
16:41:38 **** Incremental Build of configuration Debug for project f446_spi_test ****
make -j8 all 
arm-none-eabi-gcc "../Core/Src/main.c" -mcpu=cortex-m4 -std=gnu11 -g3 -DDEBUG -DUSE_HAL_DRIVER -DSTM32F446xx -c -I../Drivers/CMSIS/Include -I../Core/Inc -I../Drivers/STM32F4xx_HAL_Driver/Inc -I../Drivers/CMSIS/Device/ST/STM32F4xx/Include -I../Drivers/STM32F4xx_HAL_Driver/Inc/Legacy -O0 -ffunction-sections -fdata-sections -Wall -fstack-usage -MMD -MP -MF"Core/Src/main.d" -MT"Core/Src/main.o" --specs=nano.specs -mfpu=fpv4-sp-d16 -mfloat-abi=hard -mthumb -o "Core/Src/main.o"
../Core/Src/main.c: In function 'main':
../Core/Src/main.c:119:15: error: assignment to expression with array type
  119 |      aTxBuffer=aRxBuffer;
      |               ^
../Core/Src/main.c:125:6: warning: implicit declaration of function 'sprintf' [-Wimplicit-function-declaration]
  125 |      sprintf(PC_txdata,"%s",aRxBuffer);
      |      ^~~~~~~
../Core/Src/main.c:125:6: warning: incompatible implicit declaration of built-in function 'sprintf'
../Core/Src/main.c:22:1: note: include '<stdio.h>' or provide a declaration of 'sprintf'
   21 | #include "main.h"
  +++ |+#include <stdio.h>
   22 | 
../Core/Src/main.c:98:11: warning: unused variable 'txdata' [-Wunused-variable]
   98 |   uint8_t txdata[9] = {0};
      |           ^~~~~~
make: *** [Core/Src/subdir.mk:34: Core/Src/main.o] Error 1
"make -j8 all" terminated with exit code 2. Build might be incomplete.
16:42:30 **** Incremental Build of configuration Debug for project f446_spi_test ****
make -j8 all 
arm-none-eabi-gcc "../Core/Src/main.c" -mcpu=cortex-m4 -std=gnu11 -g3 -DDEBUG -DUSE_HAL_DRIVER -DSTM32F446xx -c -I../Drivers/CMSIS/Include -I../Core/Inc -I../Drivers/STM32F4xx_HAL_Driver/Inc -I../Drivers/CMSIS/Device/ST/STM32F4xx/Include -I../Drivers/STM32F4xx_HAL_Driver/Inc/Legacy -O0 -ffunction-sections -fdata-sections -Wall -fstack-usage -MMD -MP -MF"Core/Src/main.d" -MT"Core/Src/main.o" --specs=nano.specs -mfpu=fpv4-sp-d16 -mfloat-abi=hard -mthumb -o "Core/Src/main.o"
../Core/Src/main.c: In function 'main':
../Core/Src/main.c:119:16: error: expected expression before ']' token
  119 |      aTxBuffer[]=aRxBuffer[];
      |                ^
../Core/Src/main.c:125:6: warning: implicit declaration of function 'sprintf' [-Wimplicit-function-declaration]
  125 |      sprintf(PC_txdata,"%s",aRxBuffer);
      |      ^~~~~~~
../Core/Src/main.c:125:6: warning: incompatible implicit declaration of built-in function 'sprintf'
../Core/Src/main.c:22:1: note: include '<stdio.h>' or provide a declaration of 'sprintf'
   21 | #include "main.h"
  +++ |+#include <stdio.h>
   22 | 
../Core/Src/main.c:98:11: warning: unused variable 'txdata' [-Wunused-variable]
   98 |   uint8_t txdata[9] = {0};
      |           ^~~~~~
make: *** [Core/Src/subdir.mk:34: Core/Src/main.o] Error 1
"make -j8 all" terminated with exit code 2. Build might be incomplete.
16:45:17 **** Incremental Build of configuration Debug for project f446_spi_test ****
make -j8 all 
arm-none-eabi-gcc "../Core/Src/main.c" -mcpu=cortex-m4 -std=gnu11 -g3 -DDEBUG -DUSE_HAL_DRIVER -DSTM32F446xx -c -I../Drivers/CMSIS/Include -I../Core/Inc -I../Drivers/STM32F4xx_HAL_Driver/Inc -I../Drivers/CMSIS/Device/ST/STM32F4xx/Include -I../Drivers/STM32F4xx_HAL_Driver/Inc/Legacy -O0 -ffunction-sections -fdata-sections -Wall -fstack-usage -MMD -MP -MF"Core/Src/main.d" -MT"Core/Src/main.o" --specs=nano.specs -mfpu=fpv4-sp-d16 -mfloat-abi=hard -mthumb -o "Core/Src/main.o"
../Core/Src/main.c: In function 'main':
../Core/Src/main.c:127:6: warning: implicit declaration of function 'sprintf' [-Wimplicit-function-declaration]
  127 |      sprintf(PC_txdata,"%s",aRxBuffer);
      |      ^~~~~~~
../Core/Src/main.c:127:6: warning: incompatible implicit declaration of built-in function 'sprintf'
../Core/Src/main.c:22:1: note: include '<stdio.h>' or provide a declaration of 'sprintf'
   21 | #include "main.h"
  +++ |+#include <stdio.h>
   22 | 
../Core/Src/main.c:98:11: warning: unused variable 'txdata' [-Wunused-variable]
   98 |   uint8_t txdata[9] = {0};
      |           ^~~~~~
arm-none-eabi-gcc -o "f446_spi_test.elf" @"objects.list"   -mcpu=cortex-m4 -T"C:\Users\syuug\STM32CubeIDE\workspace_1.7.0\f446_spi_test\STM32F446RETX_FLASH.ld" --specs=nosys.specs -Wl,-Map="f446_spi_test.map" -Wl,--gc-sections -static --specs=nano.specs -mfpu=fpv4-sp-d16 -mfloat-abi=hard -mthumb -Wl,--start-group -lc -lm -Wl,--end-group
Finished building target: f446_spi_test.elf
 
arm-none-eabi-size   f446_spi_test.elf 
arm-none-eabi-objdump -h -S  f446_spi_test.elf  > "f446_spi_test.list"
arm-none-eabi-objcopy  -O binary  f446_spi_test.elf  "f446_spi_test.bin"
   text	   data	    bss	    dec	    hex	filename
  12312	    120	   1752	  14184	   3768	f446_spi_test.elf
Finished building: default.size.stdout
 
Finished building: f446_spi_test.bin
 
Finished building: f446_spi_test.list
 
16:49:27 **** Incremental Build of configuration Debug for project f446_spi_test ****
make -j8 all 
arm-none-eabi-gcc "../Core/Src/main.c" -mcpu=cortex-m4 -std=gnu11 -g3 -DDEBUG -DUSE_HAL_DRIVER -DSTM32F446xx -c -I../Drivers/CMSIS/Include -I../Core/Inc -I../Drivers/STM32F4xx_HAL_Driver/Inc -I../Drivers/CMSIS/Device/ST/STM32F4xx/Include -I../Drivers/STM32F4xx_HAL_Driver/Inc/Legacy -O0 -ffunction-sections -fdata-sections -Wall -fstack-usage -MMD -MP -MF"Core/Src/main.d" -MT"Core/Src/main.o" --specs=nano.specs -mfpu=fpv4-sp-d16 -mfloat-abi=hard -mthumb -o "Core/Src/main.o"
../Core/Src/main.c: In function 'main':
../Core/Src/main.c:126:6: warning: implicit declaration of function 'sprintf' [-Wimplicit-function-declaration]
  126 |      sprintf(PC_txdata,"%s",aRxBuffer);
      |      ^~~~~~~
../Core/Src/main.c:126:6: warning: incompatible implicit declaration of built-in function 'sprintf'
../Core/Src/main.c:22:1: note: include '<stdio.h>' or provide a declaration of 'sprintf'
   21 | #include "main.h"
  +++ |+#include <stdio.h>
   22 | 
../Core/Src/main.c:98:11: warning: unused variable 'txdata' [-Wunused-variable]
   98 |   uint8_t txdata[9] = {0};
      |           ^~~~~~
arm-none-eabi-gcc -o "f446_spi_test.elf" @"objects.list"   -mcpu=cortex-m4 -T"C:\Users\syuug\STM32CubeIDE\workspace_1.7.0\f446_spi_test\STM32F446RETX_FLASH.ld" --specs=nosys.specs -Wl,-Map="f446_spi_test.map" -Wl,--gc-sections -static --specs=nano.specs -mfpu=fpv4-sp-d16 -mfloat-abi=hard -mthumb -Wl,--start-group -lc -lm -Wl,--end-group
Finished building target: f446_spi_test.elf
 
arm-none-eabi-size   f446_spi_test.elf 
arm-none-eabi-objdump -h -S  f446_spi_test.elf  > "f446_spi_test.list"
arm-none-eabi-objcopy  -O binary  f446_spi_test.elf  "f446_spi_test.bin"
   text	   data	    bss	    dec	    hex	filename
  12304	    120	   1752	  14176	   3760	f446_spi_test.elf
Finished building: default.size.stdout
 
Finished building: f446_spi_test.bin
 
Finished building: f446_spi_test.list
 
